This is LuaHBTeX, Version 1.13.0 (TeX Live 2021)  (format=lualatex 2021.7.12)  17 DEC 2021 18:43
 restricted system commands enabled.
**acknowledgements.tex
(./acknowledgements.tex
LaTeX2e <2020-10-01> patch level 4
Lua module: luaotfload 2021-01-08 3.17 Lua based OpenType font support
Lua module: lualibs 2020-12-30 2.73 ConTeXt Lua standard libraries.
Lua module: lualibs-extended 2020-12-30 2.73 ConTeXt Lua libraries -- extended c
ollection.
luaotfload | conf : Root cache directory is "/Users/elinemaaike/Library/texlive/
2021/texmf-var/luatex-cache/generic/names".
luaotfload | init : Loading fontloader "fontloader-2021-01-07.lua" from kpse-res
olved path "/usr/local/texlive/2021/texmf-dist/tex/luatex/luaotfload/fontloader-
2021-01-07.lua".
Lua-only attribute luaotfload@noligature = 1
Lua-only attribute luaotfload@syllabe = 2
luaotfload | init : Context OpenType loader version 0x1.8e76c8b439581p+1
Inserting `luaotfload.node_processor' at position 1 in `pre_linebreak_filter'.
Inserting `luaotfload.node_processor' at position 1 in `hpack_filter'.
Inserting `luaotfload.glyph_stream' at position 1 in `glyph_stream_provider'.
Inserting `luaotfload.define_font' at position 1 in `define_font'.
Lua-only attribute luaotfload_color_attribute = 3
luaotfload | conf : Root cache directory is "/Users/elinemaaike/Library/texlive/
2021/texmf-var/luatex-cache/generic/names".
Inserting `luaotfload.harf.strip_prefix' at position 1 in `find_opentype_file'.
Inserting `luaotfload.harf.strip_prefix' at position 1 in `find_truetype_file'.
Inserting `luaotfload.harf.finalize_vlist' at position 1 in `post_linebreak_filt
er'.
Inserting `luaotfload.harf.finalize_hlist' at position 2 in `hpack_filter'.
Inserting `luaotfload.cleanup_files' at position 1 in `wrapup_run'.
Inserting `luaotfload.harf.finalize_unicode' at position 1 in `finish_pdffile'.
Inserting `luaotfload.glyphinfo' at position 1 in `glyph_info'.
Inserting `luaotfload.aux.set_sscale_dimens' at position 1 in `luaotfload.patch_
font'.
Inserting `luaotfload.aux.set_font_index' at position 2 in `luaotfload.patch_fon
t'.
Inserting `luaotfload.aux.patch_cambria_domh' at position 3 in `luaotfload.patch
_font'.
Inserting `luaotfload.aux.fixup_fontdata' at position 1 in `luaotfload.patch_fon
t_unsafe'.
Inserting `luaotfload.aux.set_capheight' at position 4 in `luaotfload.patch_font
'.
Inserting `luaotfload.aux.set_xheight' at position 5 in `luaotfload.patch_font'.
Inserting `luaotfload.rewrite_fontname' at position 6 in `luaotfload.patch_font'
. L3 programming layer <2021-02-18>
! Undefined control sequence.
l.1 \chapter
          *{Acknowledgements}
The control sequence at the end of the top line
of your error message was never \def'ed. If you have
misspelled it (e.g., `\hobx'), type `I' and the correct
spelling (e.g., `I\hbox'). Otherwise just continue,
and I'll forget about whatever was undefined.


! LaTeX Error: Missing \begin{document}.

See the LaTeX manual or LaTeX Companion for explanation.
Type  H <return>  for immediate help.
 ...                                              
                                                  
l.1 \chapter*
           {Acknowledgements}
You're in trouble here.  Try typing  <return>  to proceed.
If that doesn't work, type  X <return>  to quit.


Overfull \hbox (20.0pt too wide) in paragraph at lines 1--4
[]*Acknowledgements
 []


! LaTeX Error: Missing \begin{document}.

See the LaTeX manual or LaTeX Companion for explanation.
Type  H <return>  for immediate help.
 ...                                              
                                                  
l.5 \begin{flushright}
                    
You're in trouble here.  Try typing  <return>  to proceed.
If that doesn't work, type  X <return>  to quit.


Overfull \hbox (20.0pt too wide) in paragraph at lines 5--5
[] 
 []

! Undefined control sequence.
l.6 {\footnotesize
                 \textit {``Round up the usual suspects''}}
The control sequence at the end of the top line
of your error message was never \def'ed. If you have
misspelled it (e.g., `\hobx'), type `I' and the correct
spelling (e.g., `I\hbox'). Otherwise just continue,
and I'll forget about whatever was undefined.

luaotfload | db : Font names database loaded from /Users/elinemaaike/Library/tex
live/2021/texmf-var/luatex-cache/generic/names/luaotfload-names.luc
Overfull \hbox (32.88998pt too wide) in paragraph at lines 6--7
 \TU/lmr/m/it/10 ``Round
 []


Overfull \hbox (10.48pt too wide) in paragraph at lines 6--7
 \TU/lmr/m/it/10 up
 []


Overfull \hbox (13.03001pt too wide) in paragraph at lines 6--7
 \TU/lmr/m/it/10 the
 []


Overfull \hbox (22.49998pt too wide) in paragraph at lines 6--7
 \TU/lmr/m/it/10 usual
 []


Overfull \hbox (17.12999pt too wide) in paragraph at lines 6--7
 \TU/lmr/m/it/10 sus-
 []


Overfull \hbox (26.32002pt too wide) in paragraph at lines 6--7
 \TU/lmr/m/it/10 pects''
 []


Overfull \hbox (20.0pt too wide) in paragraph at lines 9--10
[]This
 []


Overfull \hbox (20.0pt too wide) in paragraph at lines 11--12
[]Thanks
 []

LaTeX Font Info:    Trying to load font information for OT1+lmr on input line 1
3.
(/usr/local/texlive/2021/texmf-dist/tex/latex/lm/ot1lmr.fd
File: ot1lmr.fd 2015/05/01 v1.6.1 Font defs for Latin Modern
)
LaTeX Font Info:    Trying to load font information for +lmr on input line 13.
LaTeX Font Info:    No file lmr.fd. on input line 13.
LaTeX Font Info:    Trying to load font information for +cmr on input line 13.
LaTeX Font Info:    No file cmr.fd. on input line 13.


LaTeX Font Warning: Font shape `/lmr/m/n' undefined
(Font)              using `/cmr/m/n' instead on input line 13.


LaTeX Font Warning: Font shape `/cmr/m/n' undefined
(Font)              using `/cmr/m/n' instead on input line 13.

! Corrupted NFSS tables.
wrong@fontshape ...message {Corrupted NFSS tables}
                                                  error@fontshape else let f...
l.13 ...ean Jolicoeur, and Obinna Umeh. I thank Z\'e
                                                   Fonseca for advice on cod...
This error message was generated by an \errmessage
command, so I can't give any explicit help.
Pretend that you're Hercule Poirot: Examine all clues,
and deduce the truth by order and method.


LaTeX Font Warning: Font shape `/cmr/m/n' undefined
(Font)              using `OT1/cmr/m/n' instead on input line 13.


LaTeX Font Warning: Font shape `/lmr/m/n' undefined
(Font)              using `/cmr/m/n' instead on input line 13.


Overfull \hbox (20.0pt too wide) in paragraph at lines 13--14
[]The
 []


Overfull \hbox (9.44444pt too wide) in paragraph at lines 13--14
Z\OT1/lmr/m/n/10 \/cmr/m/n/10 e
 []


Overfull \hbox (20.0pt too wide) in paragraph at lines 15--16
[]My
 []


Overfull \hbox (20.0pt too wide) in paragraph at lines 17--18
[]My
 []


Overfull \hbox (20.0pt too wide) in paragraph at lines 19--20
[]Thanks
 []


Overfull \hbox (20.0pt too wide) in paragraph at lines 21--23
[]Finally,
 []


Overfull \hbox (20.0pt too wide) in paragraph at lines 24--25
[]Thank
 []

)
! Emergency stop.
<*> acknowledgements.tex
                     
*** (job aborted, no legal \end found)



Here is how much of LuaTeX's memory you used:
 75 strings out of 478531
 100000,383344 words of node,token memory allocated 25398 words of node memory still in use:
   41 hlist, 3 disc, 11 local_par, 1 dir, 639 glue, 7 kern, 26 penalty, 2856 gly
ph, 20 attribute, 39 glue_spec, 20 attribute_list, 2 write nodes
   avail lists: 1:1,2:11,4:144,5:9,7:14,10:143
 20137 multiletter control sequences out of 65536+600000
 25 fonts using 2793071 bytes
 37i,1n,42p,931b,125s stack positions out of 5000i,500n,10000p,200000b,80000s
!  ==> Fatal error occurred, no output PDF file produced!
