This is LuaHBTeX, Version 1.13.0 (TeX Live 2021)  (format=lualatex 2021.7.12)  9 DEC 2021 12:43
 restricted system commands enabled.
**app_upsiloncoeff.tex
(./app_upsiloncoeff.tex
LaTeX2e <2020-10-01> patch level 4
Lua module: luaotfload 2021-01-08 3.17 Lua based OpenType font support
Lua module: lualibs 2020-12-30 2.73 ConTeXt Lua standard libraries.
Lua module: lualibs-extended 2020-12-30 2.73 ConTeXt Lua libraries -- extended c
ollection.
luaotfload | conf : Root cache directory is "/Users/elinemaaike/Library/texlive/
2021/texmf-var/luatex-cache/generic/names".
luaotfload | init : Loading fontloader "fontloader-2021-01-07.lua" from kpse-res
olved path "/usr/local/texlive/2021/texmf-dist/tex/luatex/luaotfload/fontloader-
2021-01-07.lua".
Lua-only attribute luaotfload@noligature = 1
Lua-only attribute luaotfload@syllabe = 2
luaotfload | init : Context OpenType loader version 0x1.8e76c8b439581p+1
Inserting `luaotfload.node_processor' at position 1 in `pre_linebreak_filter'.
Inserting `luaotfload.node_processor' at position 1 in `hpack_filter'.
Inserting `luaotfload.glyph_stream' at position 1 in `glyph_stream_provider'.
Inserting `luaotfload.define_font' at position 1 in `define_font'.
Lua-only attribute luaotfload_color_attribute = 3
luaotfload | conf : Root cache directory is "/Users/elinemaaike/Library/texlive/
2021/texmf-var/luatex-cache/generic/names".
Inserting `luaotfload.harf.strip_prefix' at position 1 in `find_opentype_file'.
Inserting `luaotfload.harf.strip_prefix' at position 1 in `find_truetype_file'.
Inserting `luaotfload.harf.finalize_vlist' at position 1 in `post_linebreak_filt
er'.
Inserting `luaotfload.harf.finalize_hlist' at position 2 in `hpack_filter'.
Inserting `luaotfload.cleanup_files' at position 1 in `wrapup_run'.
Inserting `luaotfload.harf.finalize_unicode' at position 1 in `finish_pdffile'.
Inserting `luaotfload.glyphinfo' at position 1 in `glyph_info'.
Inserting `luaotfload.aux.set_sscale_dimens' at position 1 in `luaotfload.patch_
font'.
Inserting `luaotfload.aux.set_font_index' at position 2 in `luaotfload.patch_fon
t'.
Inserting `luaotfload.aux.patch_cambria_domh' at position 3 in `luaotfload.patch
_font'.
Inserting `luaotfload.aux.fixup_fontdata' at position 1 in `luaotfload.patch_fon
t_unsafe'.
Inserting `luaotfload.aux.set_capheight' at position 4 in `luaotfload.patch_font
'.
Inserting `luaotfload.aux.set_xheight' at position 5 in `luaotfload.patch_font'.
Inserting `luaotfload.rewrite_fontname' at position 6 in `luaotfload.patch_font'
. L3 programming layer <2021-02-18>

! LaTeX Error: Missing \begin{document}.

See the LaTeX manual or LaTeX Companion for explanation.
Type  H <return>  for immediate help.
 ...                                              
                                                  
l.1 $
   \Upsilon_I$ functions in~\eqref{e2.35}
You're in trouble here.  Try typing  <return>  to proceed.
If that doesn't work, type  X <return>  to quit.

LaTeX Font Info:    External font `cmex10' loaded for size
(Font)              <7> on input line 1.
LaTeX Font Info:    External font `cmex10' loaded for size
(Font)              <5> on input line 1.
! Undefined control sequence.
l.1 $\Upsilon_I$ functions in~\eqref
                                  {e2.35}
The control sequence at the end of the top line
of your error message was never \def'ed. If you have
misspelled it (e.g., `\hobx'), type `I' and the correct
spelling (e.g., `I\hbox'). Otherwise just continue,
and I'll forget about whatever was undefined.


Overfull \hbox (32.36601pt too wide) in paragraph at lines 1--2
[]$\OT1/cmr/m/n/10 []$
 []


! LaTeX Error: Environment align undefined.

See the LaTeX manual or LaTeX Companion for explanation.
Type  H <return>  for immediate help.
 ...                                              
                                                  
l.3 \begin{align}
               
Your command was ignored.
Type  I <command> <return>  to replace it with another command,
or  <return>  to continue without it.


! LaTeX Error: Missing \begin{document}.

See the LaTeX manual or LaTeX Companion for explanation.
Type  H <return>  for immediate help.
 ...                                              
                                                  
l.4 \frac{1}{\fnl}
                \,\frac{\Upsilon_{1}}{{\cH^2}} &= 2(3-b_e)f+ 3\Omega_m\bigg[...
You're in trouble here.  Try typing  <return>  to proceed.
If that doesn't work, type  X <return>  to quit.

! Missing $ inserted.
<inserted text> 
$
l.4 \frac{1}{\fnl}
                \,\frac{\Upsilon_{1}}{{\cH^2}} &= 2(3-b_e)f+ 3\Omega_m\bigg[...
I've inserted a begin-math/end-math symbol since I think
you left one out. Proceed, with fingers crossed.

! Undefined control sequence.
<argument> \fnl 
     
l.4 \frac{1}{\fnl}
                \,\frac{\Upsilon_{1}}{{\cH^2}} &= 2(3-b_e)f+ 3\Omega_m\bigg[...
The control sequence at the end of the top line
of your error message was never \def'ed. If you have
misspelled it (e.g., `\hobx'), type `I' and the correct
spelling (e.g., `I\hbox'). Otherwise just continue,
and I'll forget about whatever was undefined.

! Extra }, or forgotten $.
\frac  #1#2->{\begingroup #1\endgroup \over #2}
                                               
l.4 \frac{1}{\fnl}
                \,\frac{\Upsilon_{1}}{{\cH^2}} &= 2(3-b_e)f+ 3\Omega_m\bigg[...
I've deleted a group-closing symbol because it seems to be
spurious, as in `$x}$'. But perhaps the } is legitimate and
you forgot something else, as in `\hbox{$x}'. In such cases
the way to recover is to insert both the forgotten and the
deleted material, e.g., by typing `I$}'.

! Undefined control sequence.
<argument> {\cH 
     ^2}
l.4 \frac{1}{\fnl}\,\frac{\Upsilon_{1}}{{\cH^2}}
                                               &= 2(3-b_e)f+ 3\Omega_m\bigg[...
The control sequence at the end of the top line
of your error message was never \def'ed. If you have
misspelled it (e.g., `\hobx'), type `I' and the correct
spelling (e.g., `I\hbox'). Otherwise just continue,
and I'll forget about whatever was undefined.

! Misplaced alignment tab character &.
l.4 \frac{1}{\fnl}\,\frac{\Upsilon_{1}}{{\cH^2}} &
                                                = 2(3-b_e)f+ 3\Omega_m\bigg[...
I can't figure out why you would want to use a tab mark
here. If you just want an ampersand, the remedy is
simple: Just type `I\&' now. But if some right brace
up above has ended a previous alignment prematurely,
you're probably due for more error messages, and you
might try typing `S' now just to see what is salvageable.

! Undefined control sequence.
l.4 ...2}} &= 2(3-b_e)f+ 3\Omega_m\bigg[1+b_e-4{\cal
                                                   Q}-\frac{2(1-\mathcal{Q})...
The control sequence at the end of the top line
of your error message was never \def'ed. If you have
misspelled it (e.g., `\hobx'), type `I' and the correct
spelling (e.g., `I\hbox'). Otherwise just continue,
and I'll forget about whatever was undefined.

! Undefined control sequence.
<argument> \chi \cH 
         
l.4 ..._e-4{\cal Q}-\frac{2(1-\mathcal{Q})}{\chi\cH}
                                                  -\frac{\cH'}{\cH^{2}}\bigg]
The control sequence at the end of the top line
of your error message was never \def'ed. If you have
misspelled it (e.g., `\hobx'), type `I' and the correct
spelling (e.g., `I\hbox'). Otherwise just continue,
and I'll forget about whatever was undefined.

! Undefined control sequence.
<argument> \cH 
    '
l.4 ...1-\mathcal{Q})}{\chi\cH}-\frac{\cH'}{\cH^{2}}
                                                  \bigg]
The control sequence at the end of the top line
of your error message was never \def'ed. If you have
misspelled it (e.g., `\hobx'), type `I' and the correct
spelling (e.g., `I\hbox'). Otherwise just continue,
and I'll forget about whatever was undefined.

! Undefined control sequence.
<argument> \cH 
    ^{2}
l.4 ...1-\mathcal{Q})}{\chi\cH}-\frac{\cH'}{\cH^{2}}
                                                  \bigg]
The control sequence at the end of the top line
of your error message was never \def'ed. If you have
misspelled it (e.g., `\hobx'), type `I' and the correct
spelling (e.g., `I\hbox'). Otherwise just continue,
and I'll forget about whatever was undefined.

! Undefined control sequence.
l.5 \notag
         \\ &{} {+ \frac{6\Omega_m}{\big(3\Omega_m+2f\big)}\,\bigg[\frac{f'}...
The control sequence at the end of the top line
of your error message was never \def'ed. If you have
misspelled it (e.g., `\hobx'), type `I' and the correct
spelling (e.g., `I\hbox'). Otherwise just continue,
and I'll forget about whatever was undefined.

! Misplaced alignment tab character &.
<recently read> &
 
l.5 \notag \\ &
             {} {+ \frac{6\Omega_m}{\big(3\Omega_m+2f\big)}\,\bigg[\frac{f'}...
I can't figure out why you would want to use a tab mark
here. If you just want an ampersand, the remedy is
simple: Just type `I\&' now. But if some right brace
up above has ended a previous alignment prematurely,
you're probably due for more error messages, and you
might try typing `S' now just to see what is salvageable.

! Undefined control sequence.
<argument> \cH 
    
l.5 ...\big(3\Omega_m+2f\big)}\,\bigg[\frac{f'}{\cH}
                                                  +\bigg(1+2\frac{\cH'}{\cH^...
The control sequence at the end of the top line
of your error message was never \def'ed. If you have
misspelled it (e.g., `\hobx'), type `I' and the correct
spelling (e.g., `I\hbox'). Otherwise just continue,
and I'll forget about whatever was undefined.

! Undefined control sequence.
<argument> \cH 
    '
l.5 ...gg[\frac{f'}{\cH}+\bigg(1+2\frac{\cH'}{\cH^2}
                                                   \bigg)f \bigg] }
The control sequence at the end of the top line
of your error message was never \def'ed. If you have
misspelled it (e.g., `\hobx'), type `I' and the correct
spelling (e.g., `I\hbox'). Otherwise just continue,
and I'll forget about whatever was undefined.

! Undefined control sequence.
<argument> \cH 
    ^2
l.5 ...gg[\frac{f'}{\cH}+\bigg(1+2\frac{\cH'}{\cH^2}
                                                   \bigg)f \bigg] }
The control sequence at the end of the top line
of your error message was never \def'ed. If you have
misspelled it (e.g., `\hobx'), type `I' and the correct
spelling (e.g., `I\hbox'). Otherwise just continue,
and I'll forget about whatever was undefined.

! Misplaced alignment tab character &.
<recently read> &
 
l.11 \\ &
         \notag  \\
I can't figure out why you would want to use a tab mark
here. If you just want an ampersand, the remedy is
simple: Just type `I\&' now. But if some right brace
up above has ended a previous alignment prematurely,
you're probably due for more error messages, and you
might try typing `S' now just to see what is salvageable.

! Undefined control sequence.
l.11 \\ &  \notag
                 \\
The control sequence at the end of the top line
of your error message was never \def'ed. If you have
misspelled it (e.g., `\hobx'), type `I' and the correct
spelling (e.g., `I\hbox'). Otherwise just continue,
and I'll forget about whatever was undefined.

! Undefined control sequence.
<argument> \fnl 
     
l.12 \frac{1}{\fnl}
                 \, \frac{\Upsilon_{2}}{{\cH}} &= %\frac{9}{5}\Omega_{m}f\Bi...
The control sequence at the end of the top line
of your error message was never \def'ed. If you have
misspelled it (e.g., `\hobx'), type `I' and the correct
spelling (e.g., `I\hbox'). Otherwise just continue,
and I'll forget about whatever was undefined.

! Undefined control sequence.
<argument> {\cH 
     }
l.12 \frac{1}{\fnl}\, \frac{\Upsilon_{2}}{{\cH}}
                                               &= %\frac{9}{5}\Omega_{m}f\Bi...
The control sequence at the end of the top line
of your error message was never \def'ed. If you have
misspelled it (e.g., `\hobx'), type `I' and the correct
spelling (e.g., `I\hbox'). Otherwise just continue,
and I'll forget about whatever was undefined.

! Misplaced alignment tab character &.
l.12 \frac{1}{\fnl}\, \frac{\Upsilon_{2}}{{\cH}} &
                                                = %\frac{9}{5}\Omega_{m}f\Bi...
I can't figure out why you would want to use a tab mark
here. If you just want an ampersand, the remedy is
simple: Just type `I\&' now. But if some right brace
up above has ended a previous alignment prematurely,
you're probably due for more error messages, and you
might try typing `S' now just to see what is salvageable.

! Undefined control sequence.
l.13 {2f \bigg[b_{e}-2\Q
                      -\frac{2(1-\Q)}{\chi \cH} - \frac{\cH'}{\cH^{2}}\bigg]...
The control sequence at the end of the top line
of your error message was never \def'ed. If you have
misspelled it (e.g., `\hobx'), type `I' and the correct
spelling (e.g., `I\hbox'). Otherwise just continue,
and I'll forget about whatever was undefined.

! Undefined control sequence.
<argument> 2(1-\Q 
       )
l.13 {2f \bigg[b_{e}-2\Q-\frac{2(1-\Q)}{\chi \cH}
                                                - \frac{\cH'}{\cH^{2}}\bigg]...
The control sequence at the end of the top line
of your error message was never \def'ed. If you have
misspelled it (e.g., `\hobx'), type `I' and the correct
spelling (e.g., `I\hbox'). Otherwise just continue,
and I'll forget about whatever was undefined.

! Undefined control sequence.
<argument> \chi \cH 
         
l.13 {2f \bigg[b_{e}-2\Q-\frac{2(1-\Q)}{\chi \cH}
                                                - \frac{\cH'}{\cH^{2}}\bigg]...
The control sequence at the end of the top line
of your error message was never \def'ed. If you have
misspelled it (e.g., `\hobx'), type `I' and the correct
spelling (e.g., `I\hbox'). Otherwise just continue,
and I'll forget about whatever was undefined.

! Undefined control sequence.
<argument> \cH 
    '
l.13 ...ac{2(1-\Q)}{\chi \cH} - \frac{\cH'}{\cH^{2}}
                                                  \bigg]} \label{e2.27}
The control sequence at the end of the top line
of your error message was never \def'ed. If you have
misspelled it (e.g., `\hobx'), type `I' and the correct
spelling (e.g., `I\hbox'). Otherwise just continue,
and I'll forget about whatever was undefined.

! Undefined control sequence.
<argument> \cH 
    ^{2}
l.13 ...ac{2(1-\Q)}{\chi \cH} - \frac{\cH'}{\cH^{2}}
                                                  \bigg]} \label{e2.27}
The control sequence at the end of the top line
of your error message was never \def'ed. If you have
misspelled it (e.g., `\hobx'), type `I' and the correct
spelling (e.g., `I\hbox'). Otherwise just continue,
and I'll forget about whatever was undefined.

! Misplaced alignment tab character &.
<recently read> &
 
l.14 \\ &
        \notag \\
I can't figure out why you would want to use a tab mark
here. If you just want an ampersand, the remedy is
simple: Just type `I\&' now. But if some right brace
up above has ended a previous alignment prematurely,
you're probably due for more error messages, and you
might try typing `S' now just to see what is salvageable.

! Undefined control sequence.
l.14 \\ & \notag
               \\
The control sequence at the end of the top line
of your error message was never \def'ed. If you have
misspelled it (e.g., `\hobx'), type `I' and the correct
spelling (e.g., `I\hbox'). Otherwise just continue,
and I'll forget about whatever was undefined.

! Undefined control sequence.
<argument> \cH 
    ^{2}
l.20 ...c{1}{b_{01}}\frac{{\Upsilon_{{3}}}}{\cH^{2}}
                                                   &= \frac{3}{2}\Omega_m\bi...
The control sequence at the end of the top line
of your error message was never \def'ed. If you have
misspelled it (e.g., `\hobx'), type `I' and the correct
spelling (e.g., `I\hbox'). Otherwise just continue,
and I'll forget about whatever was undefined.

! Misplaced alignment tab character &.
l.20 ...1}{b_{01}}\frac{{\Upsilon_{{3}}}}{\cH^{2}} &
                                                  = \frac{3}{2}\Omega_m\bigg...
I can't figure out why you would want to use a tab mark
here. If you just want an ampersand, the remedy is
simple: Just type `I\&' now. But if some right brace
up above has ended a previous alignment prematurely,
you're probably due for more error messages, and you
might try typing `S' now just to see what is salvageable.

! Undefined control sequence.
l.20 ...H^{2}} &= \frac{3}{2}\Omega_m\bigg[2+b_e-4\Q
                                                  +\frac{2(1-\Q)}{\chi \cH} ...
The control sequence at the end of the top line
of your error message was never \def'ed. If you have
misspelled it (e.g., `\hobx'), type `I' and the correct
spelling (e.g., `I\hbox'). Otherwise just continue,
and I'll forget about whatever was undefined.

! Undefined control sequence.
<argument> 2(1-\Q 
       )
l.20 ...ga_m\bigg[2+b_e-4\Q+\frac{2(1-\Q)}{\chi \cH}
                                                   + \frac{\cH'}{\cH^{2}} + ...
The control sequence at the end of the top line
of your error message was never \def'ed. If you have
misspelled it (e.g., `\hobx'), type `I' and the correct
spelling (e.g., `I\hbox'). Otherwise just continue,
and I'll forget about whatever was undefined.

! Undefined control sequence.
<argument> \chi \cH 
         
l.20 ...ga_m\bigg[2+b_e-4\Q+\frac{2(1-\Q)}{\chi \cH}
                                                   + \frac{\cH'}{\cH^{2}} + ...
The control sequence at the end of the top line
of your error message was never \def'ed. If you have
misspelled it (e.g., `\hobx'), type `I' and the correct
spelling (e.g., `I\hbox'). Otherwise just continue,
and I'll forget about whatever was undefined.

! Undefined control sequence.
<argument> \cH 
    '
l.20 ...ac{2(1-\Q)}{\chi \cH} + \frac{\cH'}{\cH^{2}}
                                                   + 2\bigg(2-\frac{1}{\chi ...
The control sequence at the end of the top line
of your error message was never \def'ed. If you have
misspelled it (e.g., `\hobx'), type `I' and the correct
spelling (e.g., `I\hbox'). Otherwise just continue,
and I'll forget about whatever was undefined.

! Undefined control sequence.
<argument> \cH 
    ^{2}
l.20 ...ac{2(1-\Q)}{\chi \cH} + \frac{\cH'}{\cH^{2}}
                                                   + 2\bigg(2-\frac{1}{\chi ...
The control sequence at the end of the top line
of your error message was never \def'ed. If you have
misspelled it (e.g., `\hobx'), type `I' and the correct
spelling (e.g., `I\hbox'). Otherwise just continue,
and I'll forget about whatever was undefined.

! Undefined control sequence.
<argument> \chi \cH 
         
l.20 ...\cH'}{\cH^{2}} + 2\bigg(2-\frac{1}{\chi \cH}
                                                  \bigg)\frac{\partial \ln{b...
The control sequence at the end of the top line
of your error message was never \def'ed. If you have
misspelled it (e.g., `\hobx'), type `I' and the correct
spelling (e.g., `I\hbox'). Otherwise just continue,
and I'll forget about whatever was undefined.

! Misplaced alignment tab character &.
<recently read> &
 
l.21 &
     + f\bigg[3-f-b_e + \frac{1}{2}\frac{\partial \ln{b_{01}}}{\partial \ln{...
I can't figure out why you would want to use a tab mark
here. If you just want an ampersand, the remedy is
simple: Just type `I\&' now. But if some right brace
up above has ended a previous alignment prematurely,
you're probably due for more error messages, and you
might try typing `S' now just to see what is salvageable.

! Misplaced alignment tab character &.
<recently read> &
 
l.22 \\&
       \notag  \\
I can't figure out why you would want to use a tab mark
here. If you just want an ampersand, the remedy is
simple: Just type `I\&' now. But if some right brace
up above has ended a previous alignment prematurely,
you're probably due for more error messages, and you
might try typing `S' now just to see what is salvageable.

! Undefined control sequence.
l.22 \\& \notag
               \\
The control sequence at the end of the top line
of your error message was never \def'ed. If you have
misspelled it (e.g., `\hobx'), type `I' and the correct
spelling (e.g., `I\hbox'). Otherwise just continue,
and I'll forget about whatever was undefined.

! Undefined control sequence.
<argument> \cH 
    
l.23 \frac{1}{b_{01}}\,\frac{{\Upsilon_{{4}}}}{\cH}
                                                  &= -\frac{3}{2}\Omega_{m} ...
The control sequence at the end of the top line
of your error message was never \def'ed. If you have
misspelled it (e.g., `\hobx'), type `I' and the correct
spelling (e.g., `I\hbox'). Otherwise just continue,
and I'll forget about whatever was undefined.

! Misplaced alignment tab character &.
l.23 ...c{1}{b_{01}}\,\frac{{\Upsilon_{{4}}}}{\cH} &
                                                  = -\frac{3}{2}\Omega_{m}  ...
I can't figure out why you would want to use a tab mark
here. If you just want an ampersand, the remedy is
simple: Just type `I\&' now. But if some right brace
up above has ended a previous alignment prematurely,
you're probably due for more error messages, and you
might try typing `S' now just to see what is salvageable.

! Misplaced alignment tab character &.
<recently read> &
 
l.24 \\&
       \notag  \\
I can't figure out why you would want to use a tab mark
here. If you just want an ampersand, the remedy is
simple: Just type `I\&' now. But if some right brace
up above has ended a previous alignment prematurely,
you're probably due for more error messages, and you
might try typing `S' now just to see what is salvageable.

! Undefined control sequence.
l.24 \\& \notag
               \\
The control sequence at the end of the top line
of your error message was never \def'ed. If you have
misspelled it (e.g., `\hobx'), type `I' and the correct
spelling (e.g., `I\hbox'). Otherwise just continue,
and I'll forget about whatever was undefined.

! Undefined control sequence.
<argument> \cH 
    
l.25 \frac{1}{b_{01}}\frac{{\Upsilon_{{5}}}}{\cH}
                                                &= f\bigg[f+b_e-2\Q-\frac{2(...
The control sequence at the end of the top line
of your error message was never \def'ed. If you have
misspelled it (e.g., `\hobx'), type `I' and the correct
spelling (e.g., `I\hbox'). Otherwise just continue,
and I'll forget about whatever was undefined.

! Misplaced alignment tab character &.
l.25 \frac{1}{b_{01}}\frac{{\Upsilon_{{5}}}}{\cH} &
                                                 = f\bigg[f+b_e-2\Q-\frac{2(...
I can't figure out why you would want to use a tab mark
here. If you just want an ampersand, the remedy is
simple: Just type `I\&' now. But if some right brace
up above has ended a previous alignment prematurely,
you're probably due for more error messages, and you
might try typing `S' now just to see what is salvageable.

! Undefined control sequence.
l.25 ...c{{\Upsilon_{{5}}}}{\cH} &= f\bigg[f+b_e-2\Q
                                                  -\frac{2(1-\Q)}{\chi \cH}-...
The control sequence at the end of the top line
of your error message was never \def'ed. If you have
misspelled it (e.g., `\hobx'), type `I' and the correct
spelling (e.g., `I\hbox'). Otherwise just continue,
and I'll forget about whatever was undefined.

! Undefined control sequence.
<argument> 2(1-\Q 
       )
l.25 ...&= f\bigg[f+b_e-2\Q-\frac{2(1-\Q)}{\chi \cH}
                                                  -\frac{\cH'}{\cH^{2}} + 2\...
The control sequence at the end of the top line
of your error message was never \def'ed. If you have
misspelled it (e.g., `\hobx'), type `I' and the correct
spelling (e.g., `I\hbox'). Otherwise just continue,
and I'll forget about whatever was undefined.

! Undefined control sequence.
<argument> \chi \cH 
         
l.25 ...&= f\bigg[f+b_e-2\Q-\frac{2(1-\Q)}{\chi \cH}
                                                  -\frac{\cH'}{\cH^{2}} + 2\...
The control sequence at the end of the top line
of your error message was never \def'ed. If you have
misspelled it (e.g., `\hobx'), type `I' and the correct
spelling (e.g., `I\hbox'). Otherwise just continue,
and I'll forget about whatever was undefined.

! Undefined control sequence.
<argument> \cH 
    '
l.25 ...frac{2(1-\Q)}{\chi \cH}-\frac{\cH'}{\cH^{2}}
                                                   + 2\bigg(2-\frac{1}{\chi ...
The control sequence at the end of the top line
of your error message was never \def'ed. If you have
misspelled it (e.g., `\hobx'), type `I' and the correct
spelling (e.g., `I\hbox'). Otherwise just continue,
and I'll forget about whatever was undefined.

! Undefined control sequence.
<argument> \cH 
    ^{2}
l.25 ...frac{2(1-\Q)}{\chi \cH}-\frac{\cH'}{\cH^{2}}
                                                   + 2\bigg(2-\frac{1}{\chi ...
The control sequence at the end of the top line
of your error message was never \def'ed. If you have
misspelled it (e.g., `\hobx'), type `I' and the correct
spelling (e.g., `I\hbox'). Otherwise just continue,
and I'll forget about whatever was undefined.

! Undefined control sequence.
<argument> \chi \cH 
         
l.25 ...\cH'}{\cH^{2}} + 2\bigg(2-\frac{1}{\chi \cH}
                                                  \bigg)\frac{\partial \ln{b...
The control sequence at the end of the top line
of your error message was never \def'ed. If you have
misspelled it (e.g., `\hobx'), type `I' and the correct
spelling (e.g., `I\hbox'). Otherwise just continue,
and I'll forget about whatever was undefined.

! Misplaced alignment tab character &.
<recently read> &
 
l.26 \\&
       \notag
I can't figure out why you would want to use a tab mark
here. If you just want an ampersand, the remedy is
simple: Just type `I\&' now. But if some right brace
up above has ended a previous alignment prematurely,
you're probably due for more error messages, and you
might try typing `S' now just to see what is salvageable.

! Undefined control sequence.
l.26 \\& \notag
             
The control sequence at the end of the top line
of your error message was never \def'ed. If you have
misspelled it (e.g., `\hobx'), type `I' and the correct
spelling (e.g., `I\hbox'). Otherwise just continue,
and I'll forget about whatever was undefined.


! LaTeX Error: \begin{document} ended by \end{align}.

See the LaTeX manual or LaTeX Companion for explanation.
Type  H <return>  for immediate help.
 ...                                              
                                                  
l.27 \end{align}
              
Your command was ignored.
Type  I <command> <return>  to replace it with another command,
or  <return>  to continue without it.

! Missing $ inserted.
<inserted text> 
$
l.27 \end{align}
              
I've inserted something that you may have forgotten.
(See the <inserted text> above.)
With luck, this will get me unwedged. But if you
really didn't forget anything, try typing `2' now; then
my insertion and my current dilemma will both disappear.

! Missing } inserted.
<inserted text> 
}
l.27 \end{align}
              
I've inserted something that you may have forgotten.
(See the <inserted text> above.)
With luck, this will get me unwedged. But if you
really didn't forget anything, try typing `2' now; then
my insertion and my current dilemma will both disappear.

! Undefined control sequence.
l.28 Note that $\Upsilon_2= 2 \fnl
                                \,\gamma_1$.
The control sequence at the end of the top line
of your error message was never \def'ed. If you have
misspelled it (e.g., `\hobx'), type `I' and the correct
spelling (e.g., `I\hbox'). Otherwise just continue,
and I'll forget about whatever was undefined.


Overfull \hbox (913.84943pt too wide) in paragraph at lines 4--29
[]1$[]$
 []


Overfull \hbox (22.81944pt too wide) in paragraph at lines 4--29
\OT1/cmr/m/n/10 [] =
 []


Overfull \hbox (16.33008pt too wide) in paragraph at lines 4--29
\OT1/cmr/m/n/10 2 \OML/cmm/m/it/10 []$\nullfont . 
 []


! LaTeX Error: Missing \begin{document}.

See the LaTeX manual or LaTeX Companion for explanation.
Type  H <return>  for immediate help.
 ...                                              
                                                  
l.39 \begin{tabular}
                  {| c | c | c | c |}
You're in trouble here.  Try typing  <return>  to proceed.
If that doesn't work, type  X <return>  to quit.


! LaTeX Error: \caption outside float.

See the LaTeX manual or LaTeX Companion for explanation.
Type  H <return>  for immediate help.
 ...                                              
                                                  
l.40 \caption
           {{The $\fnl \neq 0$ terms from relativistic projection effects [s...
You're in trouble here.  Try typing  <return>  to proceed.
If that doesn't work, type  X <return>  to quit.

! Undefined control sequence.
<recently read> \fnl 
     
l.40 \caption{{The $\fnl
                       \neq 0$ terms from relativistic projection effects [s...
The control sequence at the end of the top line
of your error message was never \def'ed. If you have
misspelled it (e.g., `\hobx'), type `I' and the correct
spelling (e.g., `I\hbox'). Otherwise just continue,
and I'll forget about whatever was undefined.

! Undefined control sequence.
l.40 ... relativistic projection effects [see \eqref
                                                  {e2.35}].}} \label{tabc3} \\
The control sequence at the end of the top line
of your error message was never \def'ed. If you have
misspelled it (e.g., `\hobx'), type `I' and the correct
spelling (e.g., `I\hbox'). Otherwise just continue,
and I'll forget about whatever was undefined.

! Undefined control sequence.
l.47 ...)}_{\mathrm{nG}}$ & $\Upsilon_{1}$ & ${2\fnl
                                                  \, \cH f {\cal M}_3/\big({...
The control sequence at the end of the top line
of your error message was never \def'ed. If you have
misspelled it (e.g., `\hobx'), type `I' and the correct
spelling (e.g., `I\hbox'). Otherwise just continue,
and I'll forget about whatever was undefined.

! Undefined control sequence.
l.47 ...athrm{nG}}$ & $\Upsilon_{1}$ & ${2\fnl\, \cH
                                                   f {\cal M}_3/\big({\cal M...
The control sequence at the end of the top line
of your error message was never \def'ed. If you have
misspelled it (e.g., `\hobx'), type `I' and the correct
spelling (e.g., `I\hbox'). Otherwise just continue,
and I'll forget about whatever was undefined.

! Undefined control sequence.
l.47 ...}}$ & $\Upsilon_{1}$ & ${2\fnl\, \cH f {\cal
                                                   M}_3/\big({\cal M}_1 {\ca...
The control sequence at the end of the top line
of your error message was never \def'ed. If you have
misspelled it (e.g., `\hobx'), type `I' and the correct
spelling (e.g., `I\hbox'). Otherwise just continue,
and I'll forget about whatever was undefined.

! Undefined control sequence.
l.47 ...{1}$ & ${2\fnl\, \cH f {\cal M}_3/\big({\cal
                                                   M}_1 {\cal M}_2 k_3^2\big...
The control sequence at the end of the top line
of your error message was never \def'ed. If you have
misspelled it (e.g., `\hobx'), type `I' and the correct
spelling (e.g., `I\hbox'). Otherwise just continue,
and I'll forget about whatever was undefined.

! Undefined control sequence.
l.47 ...fnl\, \cH f {\cal M}_3/\big({\cal M}_1 {\cal
                                                   M}_2 k_3^2\big)}$ & $(3-b...
The control sequence at the end of the top line
of your error message was never \def'ed. If you have
misspelled it (e.g., `\hobx'), type `I' and the correct
spelling (e.g., `I\hbox'). Otherwise just continue,
and I'll forget about whatever was undefined.

! Undefined control sequence.
l.47 ...M}_1 {\cal M}_2 k_3^2\big)}$ & $(3-b_{e})\cH
                                                  $ \\
The control sequence at the end of the top line
of your error message was never \def'ed. If you have
misspelled it (e.g., `\hobx'), type `I' and the correct
spelling (e.g., `I\hbox'). Otherwise just continue,
and I'll forget about whatever was undefined.

! Undefined control sequence.
l.53 ...}_{\mathrm{nG}}$ & $\Upsilon_{1}$ & ${-3\fnl
                                                  \Omega_m \cH^{2}{\cal M}_3...
The control sequence at the end of the top line
of your error message was never \def'ed. If you have
misspelled it (e.g., `\hobx'), type `I' and the correct
spelling (e.g., `I\hbox'). Otherwise just continue,
and I'll forget about whatever was undefined.

! Undefined control sequence.
l.53 ...G}}$ & $\Upsilon_{1}$ & ${-3\fnl\Omega_m \cH
                                                  ^{2}{\cal M}_3/\big({\cal ...
The control sequence at the end of the top line
of your error message was never \def'ed. If you have
misspelled it (e.g., `\hobx'), type `I' and the correct
spelling (e.g., `I\hbox'). Otherwise just continue,
and I'll forget about whatever was undefined.

! Undefined control sequence.
l.53 ...Upsilon_{1}$ & ${-3\fnl\Omega_m \cH^{2}{\cal
                                                   M}_3/\big({\cal M}_1 {\ca...
The control sequence at the end of the top line
of your error message was never \def'ed. If you have
misspelled it (e.g., `\hobx'), type `I' and the correct
spelling (e.g., `I\hbox'). Otherwise just continue,
and I'll forget about whatever was undefined.

! Undefined control sequence.
l.53 ...{-3\fnl\Omega_m \cH^{2}{\cal M}_3/\big({\cal
                                                   M}_1 {\cal M}_2 k_3^2\big...
The control sequence at the end of the top line
of your error message was never \def'ed. If you have
misspelled it (e.g., `\hobx'), type `I' and the correct
spelling (e.g., `I\hbox'). Otherwise just continue,
and I'll forget about whatever was undefined.

! Undefined control sequence.
l.53 ...ga_m \cH^{2}{\cal M}_3/\big({\cal M}_1 {\cal
                                                   M}_2 k_3^2\big)}$ & ${4{\...
The control sequence at the end of the top line
of your error message was never \def'ed. If you have
misspelled it (e.g., `\hobx'), type `I' and the correct
spelling (e.g., `I\hbox'). Otherwise just continue,
and I'll forget about whatever was undefined.

! Undefined control sequence.
l.53 ...\cal M}_1 {\cal M}_2 k_3^2\big)}$ & ${4{\cal
                                                   Q}-1-b_e+{\cal R} }$ \\
The control sequence at the end of the top line
of your error message was never \def'ed. If you have
misspelled it (e.g., `\hobx'), type `I' and the correct
spelling (e.g., `I\hbox'). Otherwise just continue,
and I'll forget about whatever was undefined.

! Undefined control sequence.
l.53 ... M}_2 k_3^2\big)}$ & ${4{\cal Q}-1-b_e+{\cal
                                                   R} }$ \\
The control sequence at the end of the top line
of your error message was never \def'ed. If you have
misspelled it (e.g., `\hobx'), type `I' and the correct
spelling (e.g., `I\hbox'). Otherwise just continue,
and I'll forget about whatever was undefined.

! Undefined control sequence.
l.56 ...}_{\mathrm{nG}}}$ & $\Upsilon_{1}$ & ${6\fnl
                                                  \big[f' +\big(\cH+2\cH'/\c...
The control sequence at the end of the top line
of your error message was never \def'ed. If you have
misspelled it (e.g., `\hobx'), type `I' and the correct
spelling (e.g., `I\hbox'). Otherwise just continue,
and I'll forget about whatever was undefined.

! Undefined control sequence.
l.56 ... & $\Upsilon_{1}$ & ${6\fnl\big[f' +\big(\cH
                                                  +2\cH'/\cH \big)f \big]\Om...
The control sequence at the end of the top line
of your error message was never \def'ed. If you have
misspelled it (e.g., `\hobx'), type `I' and the correct
spelling (e.g., `I\hbox'). Otherwise just continue,
and I'll forget about whatever was undefined.

! Undefined control sequence.
l.56 ...Upsilon_{1}$ & ${6\fnl\big[f' +\big(\cH+2\cH
                                                  '/\cH \big)f \big]\Omega_m...
The control sequence at the end of the top line
of your error message was never \def'ed. If you have
misspelled it (e.g., `\hobx'), type `I' and the correct
spelling (e.g., `I\hbox'). Otherwise just continue,
and I'll forget about whatever was undefined.

! Undefined control sequence.
l.56 ...on_{1}$ & ${6\fnl\big[f' +\big(\cH+2\cH'/\cH
                                                   \big)f \big]\Omega_m \cH^...
The control sequence at the end of the top line
of your error message was never \def'ed. If you have
misspelled it (e.g., `\hobx'), type `I' and the correct
spelling (e.g., `I\hbox'). Otherwise just continue,
and I'll forget about whatever was undefined.

! Undefined control sequence.
l.56 ...+\big(\cH+2\cH'/\cH \big)f \big]\Omega_m \cH
                                                  ^{2}{\cal M}_3/\big[\big( ...
The control sequence at the end of the top line
of your error message was never \def'ed. If you have
misspelled it (e.g., `\hobx'), type `I' and the correct
spelling (e.g., `I\hbox'). Otherwise just continue,
and I'll forget about whatever was undefined.

! Undefined control sequence.
l.56 ...+2\cH'/\cH \big)f \big]\Omega_m \cH^{2}{\cal
                                                   M}_3/\big[\big( 3\Omega_m...
The control sequence at the end of the top line
of your error message was never \def'ed. If you have
misspelled it (e.g., `\hobx'), type `I' and the correct
spelling (e.g., `I\hbox'). Otherwise just continue,
and I'll forget about whatever was undefined.

! Undefined control sequence.
l.56 ...M}_3/\big[\big( 3\Omega_m+2f\big) \big({\cal
                                                   M}_1 {\cal M}_2 k_3^2\big...
The control sequence at the end of the top line
of your error message was never \def'ed. If you have
misspelled it (e.g., `\hobx'), type `I' and the correct
spelling (e.g., `I\hbox'). Otherwise just continue,
and I'll forget about whatever was undefined.

! Undefined control sequence.
l.56 ...big( 3\Omega_m+2f\big) \big({\cal M}_1 {\cal
                                                   M}_2 k_3^2\big)\big]}$ & ...
The control sequence at the end of the top line
of your error message was never \def'ed. If you have
misspelled it (e.g., `\hobx'), type `I' and the correct
spelling (e.g., `I\hbox'). Otherwise just continue,
and I'll forget about whatever was undefined.

! Undefined control sequence.
l.56 ...l M}_1 {\cal M}_2 k_3^2\big)\big]}$ & $1/\cH
                                                  $ \\
The control sequence at the end of the top line
of your error message was never \def'ed. If you have
misspelled it (e.g., `\hobx'), type `I' and the correct
spelling (e.g., `I\hbox'). Otherwise just continue,
and I'll forget about whatever was undefined.


LaTeX Warning: Command \i invalid in math mode on input line 62.

LaTeX Font Info:    Trying to load font information for OT1+lmr on input line 6
2.
(/usr/local/texlive/2021/texmf-dist/tex/latex/lm/ot1lmr.fd
File: ot1lmr.fd 2015/05/01 v1.6.1 Font defs for Latin Modern
)

LaTeX Warning: Command \i invalid in math mode on input line 62.

! Undefined control sequence.
l.62 ..._{\mathrm{nG}}$ & $\Upsilon_2$ & $\i\;{2\fnl
                                                  \, \cH f \,\mu_3{\cal M}_3...
The control sequence at the end of the top line
of your error message was never \def'ed. If you have
misspelled it (e.g., `\hobx'), type `I' and the correct
spelling (e.g., `I\hbox'). Otherwise just continue,
and I'll forget about whatever was undefined.

! Undefined control sequence.
l.62 ...hrm{nG}}$ & $\Upsilon_2$ & $\i\;{2\fnl\, \cH
                                                   f \,\mu_3{\cal M}_3/\big(...
The control sequence at the end of the top line
of your error message was never \def'ed. If you have
misspelled it (e.g., `\hobx'), type `I' and the correct
spelling (e.g., `I\hbox'). Otherwise just continue,
and I'll forget about whatever was undefined.

! Undefined control sequence.
l.62 ...psilon_2$ & $\i\;{2\fnl\, \cH f \,\mu_3{\cal
                                                   M}_3/\big({\cal M}_1 {\ca...
The control sequence at the end of the top line
of your error message was never \def'ed. If you have
misspelled it (e.g., `\hobx'), type `I' and the correct
spelling (e.g., `I\hbox'). Otherwise just continue,
and I'll forget about whatever was undefined.

! Undefined control sequence.
l.62 ...;{2\fnl\, \cH f \,\mu_3{\cal M}_3/\big({\cal
                                                   M}_1 {\cal M}_2 k_3\big)}...
The control sequence at the end of the top line
of your error message was never \def'ed. If you have
misspelled it (e.g., `\hobx'), type `I' and the correct
spelling (e.g., `I\hbox'). Otherwise just continue,
and I'll forget about whatever was undefined.

! Undefined control sequence.
l.62 ...cH f \,\mu_3{\cal M}_3/\big({\cal M}_1 {\cal
                                                   M}_2 k_3\big)}$ & $b_{e}-...
The control sequence at the end of the top line
of your error message was never \def'ed. If you have
misspelled it (e.g., `\hobx'), type `I' and the correct
spelling (e.g., `I\hbox'). Otherwise just continue,
and I'll forget about whatever was undefined.

! Undefined control sequence.
l.80 ...p}}}$ & ${\Upsilon_{{3}}}$ & $-3\Omega_m \cH
                                                  ^{2}\big[\big(k_{1}^{2}/\m...
The control sequence at the end of the top line
of your error message was never \def'ed. If you have
misspelled it (e.g., `\hobx'), type `I' and the correct
spelling (e.g., `I\hbox'). Otherwise just continue,
and I'll forget about whatever was undefined.

! Undefined control sequence.
l.84 ..._{\mathrm{p}}}$ & ${\Upsilon_{{3}}}$ & $f\cH
                                                  \big[\big(k_{1}^{2}/\mathc...
The control sequence at the end of the top line
of your error message was never \def'ed. If you have
misspelled it (e.g., `\hobx'), type `I' and the correct
spelling (e.g., `I\hbox'). Otherwise just continue,
and I'll forget about whatever was undefined.

! Undefined control sequence.
l.84 ...big)}$ & ${b_{01}\big[ 2\big(3-b_e-f\big)\cH
                                                  +b_{10}'/(b_{10}-1) \big]}...
The control sequence at the end of the top line
of your error message was never \def'ed. If you have
misspelled it (e.g., `\hobx'), type `I' and the correct
spelling (e.g., `I\hbox'). Otherwise just continue,
and I'll forget about whatever was undefined.

! Undefined control sequence.
l.89 ...psilon_{{4}}}$ & $-\mathrm{i}\,3\Omega_m \cH
                                                  ^{2}\big[\big(\mu_1 k_{1}^...
The control sequence at the end of the top line
of your error message was never \def'ed. If you have
misspelled it (e.g., `\hobx'), type `I' and the correct
spelling (e.g., `I\hbox'). Otherwise just continue,
and I'll forget about whatever was undefined.

! Undefined control sequence.
l.89 ...4k_{1}^{2}k_{2}^{2}\big)}$ & ${2}b_{01}/{\cH
                                                  }$ \\
The control sequence at the end of the top line
of your error message was never \def'ed. If you have
misspelled it (e.g., `\hobx'), type `I' and the correct
spelling (e.g., `I\hbox'). Otherwise just continue,
and I'll forget about whatever was undefined.


LaTeX Warning: Command \i invalid in math mode on input line 94.


LaTeX Warning: Command \i invalid in math mode on input line 94.

! Undefined control sequence.
l.94 ...arallel} V$ & ${\Upsilon_{{5}}}$ & $\i\,f\cH
                                                  \big[\big(\mu_1 k_{2}/\mat...
The control sequence at the end of the top line
of your error message was never \def'ed. If you have
misspelled it (e.g., `\hobx'), type `I' and the correct
spelling (e.g., `I\hbox'). Otherwise just continue,
and I'll forget about whatever was undefined.


! LaTeX Error: \begin{tabular} on input line 39 ended by \end{longtable}.

See the LaTeX manual or LaTeX Companion for explanation.
Type  H <return>  for immediate help.
 ...                                              
                                                  
l.98 \end{longtable}
                  
Your command was ignored.
Type  I <command> <return>  to replace it with another command,
or  <return>  to continue without it.

! Missing } inserted.
<inserted text> 
}
l.98 \end{longtable}
                  
I've inserted something that you may have forgotten.
(See the <inserted text> above.)
With luck, this will get me unwedged. But if you
really didn't forget anything, try typing `2' now; then
my insertion and my current dilemma will both disappear.

! Missing } inserted.
<inserted text> 
}
l.98 \end{longtable}
                  
I've inserted something that you may have forgotten.
(See the <inserted text> above.)
With luck, this will get me unwedged. But if you
really didn't forget anything, try typing `2' now; then
my insertion and my current dilemma will both disappear.

! Missing \cr inserted.
<inserted text> 
\cr 
l.98 \end{longtable}
                  
I'm guessing that you meant to end an alignment here.

! Missing { inserted.
<inserted text> 
{
l.98 \end{longtable}
                  
I've put in what seems to be necessary to fix
the current column of the current alignment.
Try to go on, since this might almost work.

! Missing } inserted.
<inserted text> 
}
l.98 \end{longtable}
                  
I've inserted something that you may have forgotten.
(See the <inserted text> above.)
With luck, this will get me unwedged. But if you
really didn't forget anything, try typing `2' now; then
my insertion and my current dilemma will both disappear.

! Missing $ inserted.
<inserted text> 
$
l.98 \end{longtable}
                  
I've inserted something that you may have forgotten.
(See the <inserted text> above.)
With luck, this will get me unwedged. But if you
really didn't forget anything, try typing `2' now; then
my insertion and my current dilemma will both disappear.

! Missing } inserted.
<inserted text> 
}
l.98 \end{longtable}
                  
I've inserted something that you may have forgotten.
(See the <inserted text> above.)
With luck, this will get me unwedged. But if you
really didn't forget anything, try typing `2' now; then
my insertion and my current dilemma will both disappear.

! Extra \endgroup.
l.99 \endgroup
            
Things are pretty mixed up, but I think the worst is over.

)
! Emergency stop.
<*> app_upsiloncoeff.tex
                     
*** (job aborted, no legal \end found)



Here is how much of LuaTeX's memory you used:
 62 strings out of 478531
 100000,383344 words of node,token memory allocated 27900 words of node memory still in use:
   838 hlist, 135 vlist, 187 rule, 3 local_par, 1 dir, 235 math, 988 glue, 115 k
ern, 33 penalty, 723 glyph, 715 attribute, 39 glue_spec, 715 attribute_list, 1 t
emp, 6 write nodes
   avail lists: 2:4,3:333,4:3,5:11,6:1,7:2,8:281,9:5,10:2
 20132 multiletter control sequences out of 65536+600000
 33 fonts using 3220607 bytes
 25i,13n,30p,274b,181s stack positions out of 5000i,500n,10000p,200000b,80000s
!  ==> Fatal error occurred, no output PDF file produced!
