This is LuaHBTeX, Version 1.13.0 (TeX Live 2021)  (format=lualatex 2021.7.12)  6 MAY 2022 10:49
 restricted system commands enabled.
**thesis.tex
(./thesis.tex
LaTeX2e <2020-10-01> patch level 4
Lua module: luaotfload 2021-01-08 3.17 Lua based OpenType font support
Lua module: lualibs 2020-12-30 2.73 ConTeXt Lua standard libraries.
Lua module: lualibs-extended 2020-12-30 2.73 ConTeXt Lua libraries -- extended c
ollection.
luaotfload | conf : Root cache directory is "/Users/elinemaaike/Library/texlive/
2021/texmf-var/luatex-cache/generic/names".
luaotfload | init : Loading fontloader "fontloader-2021-01-07.lua" from kpse-res
olved path "/usr/local/texlive/2021/texmf-dist/tex/luatex/luaotfload/fontloader-
2021-01-07.lua".
Lua-only attribute luaotfload@noligature = 1
Lua-only attribute luaotfload@syllabe = 2
luaotfload | init : Context OpenType loader version 0x1.8e76c8b439581p+1
Inserting `luaotfload.node_processor' at position 1 in `pre_linebreak_filter'.
Inserting `luaotfload.node_processor' at position 1 in `hpack_filter'.
Inserting `luaotfload.glyph_stream' at position 1 in `glyph_stream_provider'.
Inserting `luaotfload.define_font' at position 1 in `define_font'.
Lua-only attribute luaotfload_color_attribute = 3
luaotfload | conf : Root cache directory is "/Users/elinemaaike/Library/texlive/
2021/texmf-var/luatex-cache/generic/names".
Inserting `luaotfload.harf.strip_prefix' at position 1 in `find_opentype_file'.
Inserting `luaotfload.harf.strip_prefix' at position 1 in `find_truetype_file'.
Inserting `luaotfload.harf.finalize_vlist' at position 1 in `post_linebreak_filt
er'.
Inserting `luaotfload.harf.finalize_hlist' at position 2 in `hpack_filter'.
Inserting `luaotfload.cleanup_files' at position 1 in `wrapup_run'.
Inserting `luaotfload.harf.finalize_unicode' at position 1 in `finish_pdffile'.
Inserting `luaotfload.glyphinfo' at position 1 in `glyph_info'.
Inserting `luaotfload.aux.set_sscale_dimens' at position 1 in `luaotfload.patch_
font'.
Inserting `luaotfload.aux.set_font_index' at position 2 in `luaotfload.patch_fon
t'.
Inserting `luaotfload.aux.patch_cambria_domh' at position 3 in `luaotfload.patch
_font'.
Inserting `luaotfload.aux.fixup_fontdata' at position 1 in `luaotfload.patch_fon
t_unsafe'.
Inserting `luaotfload.aux.set_capheight' at position 4 in `luaotfload.patch_font
'.
Inserting `luaotfload.aux.set_xheight' at position 5 in `luaotfload.patch_font'.
Inserting `luaotfload.rewrite_fontname' at position 6 in `luaotfload.patch_font'
. L3 programming layer <2021-02-18> (./icldt.cls
Document Class: icldt 2008/09/25 v1.5 Imperial College London Dissertation Temp
late
(/usr/local/texlive/2021/texmf-dist/tex/latex/koma-script/scrreprt.cls
Document Class: scrreprt 2021/03/17 v3.33 KOMA-Script document class (report)
(/usr/local/texlive/2021/texmf-dist/tex/latex/koma-script/scrkbase.sty
Package: scrkbase 2021/03/17 v3.33 KOMA-Script package (KOMA-Script-dependent b
asics and keyval usage)

(/usr/local/texlive/2021/texmf-dist/tex/latex/koma-script/scrbase.sty
Package: scrbase 2021/03/17 v3.33 KOMA-Script package (KOMA-Script-independent 
basics and keyval usage)

(/usr/local/texlive/2021/texmf-dist/tex/latex/koma-script/scrlfile.sty
Package: scrlfile 2021/03/17 v3.33 KOMA-Script package (file load hooks)

(/usr/local/texlive/2021/texmf-dist/tex/latex/koma-script/scrlfile-hook.sty
Package: scrlfile-hook 2021/03/17 v3.33 KOMA-Script package (using LaTeX hooks)


LaTeX3 Info: Defining command \BeforeFile with sig. 'm' on line 61.


LaTeX3 Info: Defining command \AfterFile with sig. 'm' on line 65.


LaTeX3 Info: Defining command \BeforeClass with sig. 'm' on line 69.


LaTeX3 Info: Defining command \BeforePackage with sig. 'm' on line 73.


LaTeX3 Info: Defining command \AfterAtEndOfClass with sig. 'smo+m' on line 83.


LaTeX3 Info: Defining command \AfterAtEndOfPackage with sig. 'smo+m' on line
(LaTeX3)     93.


LaTeX3 Info: Defining command \scrlfile@AfterClass with sig. 'smo+m' on line
(LaTeX3)     173.


LaTeX3 Info: Defining command \AfterClass with sig. '' on line 174.


LaTeX3 Info: Defining command \scrlfile@AfterPackage with sig. 'smo+m' on line
(LaTeX3)     191.


LaTeX3 Info: Defining command \AfterPackage with sig. '' on line 192.


LaTeX3 Info: Defining command \ReplaceInput with sig. '' on line 193.


LaTeX3 Info: Defining command \ReplaceClass with sig. 'mm' on line 196.


LaTeX3 Info: Defining command \ReplacePackage with sig. 'mm' on line 199.


LaTeX3 Info: Defining command \UnReplaceInput with sig. '' on line 200.


LaTeX3 Info: Defining command \UnReplaceClass with sig. 'm' on line 203.


LaTeX3 Info: Defining command \UnReplacePackage with sig. 'mm' on line 206.


LaTeX3 Info: Defining command \PreventPackageFromLoading with sig. 's+om' on
(LaTeX3)     line 234.


LaTeX3 Info: Defining command \StorePreventPackageFromLoading with sig. 'm' on
(LaTeX3)     line 242.


LaTeX3 Info: Defining command \ResetPreventPackageFromLoading with sig. '' on
(LaTeX3)     line 247.


LaTeX3 Info: Defining command \UnPreventPackageFromLoading with sig. 'sm' on
(LaTeX3)     line 261.


LaTeX3 Info: Defining command \BeforeClosingMainAux with sig. 'om' on line
(LaTeX3)     274.


LaTeX3 Info: Defining command \AfterReadingMainAux with sig. 'om' on line 287.


LaTeX3 Info: Defining command \protected@immediate@write with sig. 'm+m+m' on
(LaTeX3)     line 298.


(/usr/local/texlive/2021/texmf-dist/tex/latex/koma-script/scrlogo.sty
Package: scrlogo 2021/03/17 v3.33 KOMA-Script package (logo)
)))
(/usr/local/texlive/2021/texmf-dist/tex/latex/graphics/keyval.sty
Package: keyval 2014/10/28 v1.15 key=value parser (DPC)
\KV@toks@=\toks15
)
Skipping: [2021/05/01] Usage of raw option list on input line 252.
Applying: [0000/00/00] compatibility for LaTeX before 2021/05/01 on input line 
337.
))
(/usr/local/texlive/2021/texmf-dist/tex/latex/koma-script/tocbasic.sty
Package: tocbasic 2021/03/17 v3.33 KOMA-Script package (handling toc-files)
\scr@dte@tocline@numberwidth=\skip47
\scr@dte@tocline@numbox=\box47
)
Package tocbasic Info: babel extension for `toc' omitted
(tocbasic)             because of missing \bbl@set@language on input line 137.
Package scrreprt Info: You've used standard option `12pt'.
(scrreprt)             This is correct!
(scrreprt)             Internally I'm using `fontsize=12pt'.
(scrreprt)             If you'd like to set the option with \KOMAoptions,
(scrreprt)             you'd have to use `fontsize=12pt' there
(scrreprt)             instead of `12pt', too.
Class scrreprt Info: File `scrsize12pt.clo' used to setup font sizes on input l
ine 2451.

(/usr/local/texlive/2021/texmf-dist/tex/latex/koma-script/scrsize12pt.clo
File: scrsize12pt.clo 2021/03/17 v3.33 KOMA-Script font size class option (12pt
)
luaotfload | db : Font names database loaded from /Users/elinemaaike/Library/tex
live/2021/texmf-var/luatex-cache/generic/names/luaotfload-names.luc)
(/usr/local/texlive/2021/texmf-dist/tex/latex/koma-script/typearea.sty
Package: typearea 2021/03/17 v3.33 KOMA-Script package (type area)
\ta@bcor=\skip48
\ta@div=\count175
Package typearea Info: You've used standard option `a4paper'.
(typearea)             This is correct!
(typearea)             Internally I'm using `paper=a4'.
(typearea)             If you'd like to set the option with \KOMAoptions,
(typearea)             you'd have to use `paper=a4' there
(typearea)             instead of `a4paper', too.
\ta@hblk=\skip49
\ta@vblk=\skip50
\ta@temp=\skip51
\footheight=\skip52
Package typearea Info: These are the values describing the layout:
(typearea)             DIV  = 12
(typearea)             BCOR = 0.0pt
(typearea)             \paperwidth      = 597.50793pt
(typearea)              \textwidth      = 448.13095pt
(typearea)              DIV departure   = -6%
(typearea)              \evensidemargin = 2.4185pt
(typearea)              \oddsidemargin  = 2.4185pt
(typearea)             \paperheight     = 845.04694pt
(typearea)              \textheight     = 635.5pt
(typearea)              \topmargin      = -41.72441pt
(typearea)              \headheight     = 18.125pt
(typearea)              \headsep        = 21.75pt
(typearea)              \topskip        = 12.0pt
(typearea)              \footskip       = 50.75pt
(typearea)              \baselineskip   = 14.5pt
(typearea)              on input line 1741.
)
\c@part=\count176
\c@chapter=\count177
\c@section=\count178
\c@subsection=\count179
\c@subsubsection=\count180
\c@paragraph=\count181
\c@subparagraph=\count182
\scr@dte@chapter@maxnumwidth=\skip53
Class scrreprt Info: using compatibility default `afterindent=bysign'
(scrreprt)           for `\chapter on input line 5678.
\scr@dte@section@maxnumwidth=\skip54
Class scrreprt Info: using compatibility default `runin=bysign'
(scrreprt)           for `\section on input line 5689.
Class scrreprt Info: using compatibility default `afterindent=bysign'
(scrreprt)           for `\section on input line 5689.
\scr@dte@part@maxnumwidth=\skip55
Class scrreprt Info: using compatibility default `afterindent=true'
(scrreprt)           for `\part on input line 5698.
\scr@dte@subsection@maxnumwidth=\skip56
Class scrreprt Info: using compatibility default `runin=bysign'
(scrreprt)           for `\subsection on input line 5708.
Class scrreprt Info: using compatibility default `afterindent=bysign'
(scrreprt)           for `\subsection on input line 5708.
\scr@dte@subsubsection@maxnumwidth=\skip57
Class scrreprt Info: using compatibility default `runin=bysign'
(scrreprt)           for `\subsubsection on input line 5718.
Class scrreprt Info: using compatibility default `afterindent=bysign'
(scrreprt)           for `\subsubsection on input line 5718.
\scr@dte@paragraph@maxnumwidth=\skip58
Class scrreprt Info: using compatibility default `runin=bysign'
(scrreprt)           for `\paragraph on input line 5729.
Class scrreprt Info: using compatibility default `afterindent=bysign'
(scrreprt)           for `\paragraph on input line 5729.
\scr@dte@subparagraph@maxnumwidth=\skip59
Class scrreprt Info: using compatibility default `runin=bysign'
(scrreprt)           for `\subparagraph on input line 5739.
Class scrreprt Info: using compatibility default `afterindent=bysign'
(scrreprt)           for `\subparagraph on input line 5739.
\abovecaptionskip=\skip60
\belowcaptionskip=\skip61
\c@pti@nb@sid@b@x=\box48
Package tocbasic Info: babel extension for `lof' omitted
(tocbasic)             because of missing \bbl@set@language on input line 6976.

\scr@dte@figure@maxnumwidth=\skip62
\c@figure=\count183
Package tocbasic Info: babel extension for `lot' omitted
(tocbasic)             because of missing \bbl@set@language on input line 6993.

\scr@dte@table@maxnumwidth=\skip63
\c@table=\count184
Class scrreprt Info: Redefining `\numberline' on input line 7162.
\bibindent=\dimen138
)
(/usr/local/texlive/2021/texmf-dist/tex/latex/setspace/setspace.sty
Package: setspace 2011/12/19 v6.7a set line spacing
)
(/usr/local/texlive/2021/texmf-dist/tex/latex/geometry/geometry.sty
Package: geometry 2020/01/02 v5.9 Page Geometry

(/usr/local/texlive/2021/texmf-dist/tex/generic/iftex/ifvtex.sty
Package: ifvtex 2019/10/25 v1.7 ifvtex legacy package. Use iftex instead.

(/usr/local/texlive/2021/texmf-dist/tex/generic/iftex/iftex.sty
Package: iftex 2020/03/06 v1.0d TeX engine tests
))
\Gm@cnth=\count185
\Gm@cntv=\count186
\c@Gm@tempcnt=\count187
\Gm@bindingoffset=\dimen139
\Gm@wd@mp=\dimen140
\Gm@odd@mp=\dimen141
\Gm@even@mp=\dimen142
\Gm@layoutwidth=\dimen143
\Gm@layoutheight=\dimen144
\Gm@layouthoffset=\dimen145
\Gm@layoutvoffset=\dimen146
\Gm@dimlist=\toks16
)
Package scrkbase Info: You've told me to redefine the font selection of the
(scrkbase)             element `sectioning' that is an alias of element
(scrkbase)             `disposition' on input line 128.
)
(/usr/local/texlive/2021/texmf-dist/tex/latex/graphics/graphicx.sty
Package: graphicx 2020/09/09 v1.2b Enhanced LaTeX Graphics (DPC,SPQR)

(/usr/local/texlive/2021/texmf-dist/tex/latex/graphics/graphics.sty
Package: graphics 2020/08/30 v1.4c Standard LaTeX Graphics (DPC,SPQR)

(/usr/local/texlive/2021/texmf-dist/tex/latex/graphics/trig.sty
Package: trig 2016/01/03 v1.10 sin cos tan (DPC)
)
(/usr/local/texlive/2021/texmf-dist/tex/latex/graphics-cfg/graphics.cfg
File: graphics.cfg 2016/06/04 v1.11 sample graphics configuration
)
Package graphics Info: Driver file: luatex.def on input line 105.

(/usr/local/texlive/2021/texmf-dist/tex/latex/graphics-def/luatex.def
File: luatex.def 2020/10/05 v1.2a Graphics/color driver for luatex
))
\Gin@req@height=\dimen147
\Gin@req@width=\dimen148
)
(/usr/local/texlive/2021/texmf-dist/tex/latex/natbib/natbib.sty
Package: natbib 2010/09/13 8.31b (PWD, AO)
\bibhang=\skip64
\bibsep=\skip65
LaTeX Info: Redefining \cite on input line 694.
\c@NAT@ctr=\count188
)
(/usr/local/texlive/2021/texmf-dist/tex/latex/amsmath/amsmath.sty
Package: amsmath 2020/09/23 v2.17i AMS math features
\@mathmargin=\skip66

For additional information on amsmath, use the `?' option.
(/usr/local/texlive/2021/texmf-dist/tex/latex/amsmath/amstext.sty
Package: amstext 2000/06/29 v2.01 AMS text

(/usr/local/texlive/2021/texmf-dist/tex/latex/amsmath/amsgen.sty
File: amsgen.sty 1999/11/30 v2.0 generic functions
\@emptytoks=\toks17
\ex@=\dimen149
))
(/usr/local/texlive/2021/texmf-dist/tex/latex/amsmath/amsbsy.sty
Package: amsbsy 1999/11/29 v1.2d Bold Symbols
\pmbraise@=\dimen150
)
(/usr/local/texlive/2021/texmf-dist/tex/latex/amsmath/amsopn.sty
Package: amsopn 2016/03/08 v2.02 operator names
)
\inf@bad=\count189
LaTeX Info: Redefining \frac on input line 236.
\uproot@=\count190
\leftroot@=\count191
LaTeX Info: Redefining \overline on input line 399.
\classnum@=\count192
\DOTSCASE@=\count193
LaTeX Info: Redefining \ldots on input line 496.
LaTeX Info: Redefining \dots on input line 499.
LaTeX Info: Redefining \cdots on input line 620.
\Mathstrutbox@=\box49
\strutbox@=\box50
\big@size=\dimen151
LaTeX Font Info:    Redeclaring font encoding OML on input line 743.
LaTeX Font Info:    Redeclaring font encoding OMS on input line 744.
\macc@depth=\count194
\c@MaxMatrixCols=\count195
\dotsspace@=\muskip16
\c@parentequation=\count196
\dspbrk@lvl=\count197
\tag@help=\toks18
\row@=\count198
\column@=\count199
\maxfields@=\count266
\andhelp@=\toks19
\eqnshift@=\dimen152
\alignsep@=\dimen153
\tagshift@=\dimen154
\tagwidth@=\dimen155
\totwidth@=\dimen156
\lineht@=\dimen157
\@envbody=\toks20
\multlinegap=\skip67
\multlinetaggap=\skip68
\mathdisplay@stack=\toks21
LaTeX Info: Redefining \[ on input line 2923.
LaTeX Info: Redefining \] on input line 2924.
)
(/usr/local/texlive/2021/texmf-dist/tex/latex/amsfonts/amssymb.sty
Package: amssymb 2013/01/14 v3.01 AMS font symbols

(/usr/local/texlive/2021/texmf-dist/tex/latex/amsfonts/amsfonts.sty
Package: amsfonts 2013/01/14 v3.01 Basic AMSFonts support
\symAMSa=\mathgroup4
\symAMSb=\mathgroup5
LaTeX Font Info:    Redeclaring math symbol \hbar on input line 98.
LaTeX Font Info:    Overwriting math alphabet `\mathfrak' in version `bold'
(Font)                  U/euf/m/n --> U/euf/b/n on input line 106.
))
(/usr/local/texlive/2021/texmf-dist/tex/latex/tools/bm.sty
Package: bm 2019/07/24 v1.2d Bold Symbol Support (DPC/FMi)
\symboldoperators=\mathgroup6
\symboldletters=\mathgroup7
\symboldsymbols=\mathgroup8
LaTeX Font Info:    Redeclaring math alphabet \mathbf on input line 141.
LaTeX Info: Redefining \bm on input line 209.
)
(/usr/local/texlive/2021/texmf-dist/tex/latex/fontspec/fontspec.sty
(/usr/local/texlive/2021/texmf-dist/tex/latex/l3packages/xparse/xparse.sty
(/usr/local/texlive/2021/texmf-dist/tex/latex/l3kernel/expl3.sty
Package: expl3 2021-02-18 L3 programming layer (loader) 

(/usr/local/texlive/2021/texmf-dist/tex/latex/l3backend/l3backend-luatex.def
File: l3backend-luatex.def 2021-03-18 L3 backend support: PDF output (LuaTeX)
\l__color_backend_stack_int=\count267
\l__pdf_internal_box=\box51
))
(/usr/local/texlive/2021/texmf-dist/tex/latex/l3packages/xparse/xparse-2020-10-
01.sty
(/usr/local/texlive/2021/texmf-dist/tex/latex/l3packages/xparse/xparse-generic.
tex)))
Package: fontspec 2020/02/21 v2.7i Font selection for XeLaTeX and LuaLaTeX
Lua module: fontspec 2020/02/21 2.7i Font selection for XeLaTeX and LuaLaTeX
(/usr/local/texlive/2021/texmf-dist/tex/latex/fontspec/fontspec-luatex.sty
Package: fontspec-luatex 2020/02/21 v2.7i Font selection for XeLaTeX and LuaLaT
eX
\l__fontspec_script_int=\count268
\l__fontspec_language_int=\count269
\l__fontspec_strnum_int=\count270
\l__fontspec_tmp_int=\count271
\l__fontspec_tmpa_int=\count272
\l__fontspec_tmpb_int=\count273
\l__fontspec_tmpc_int=\count274
\l__fontspec_em_int=\count275
\l__fontspec_emdef_int=\count276
\l__fontspec_strong_int=\count277
\l__fontspec_strongdef_int=\count278
\l__fontspec_tmpa_dim=\dimen158
\l__fontspec_tmpb_dim=\dimen159
\l__fontspec_tmpc_dim=\dimen160

(/usr/local/texlive/2021/texmf-dist/tex/latex/base/fontenc.sty
Package: fontenc 2020/08/10 v2.0s Standard LaTeX package
)
(/usr/local/texlive/2021/texmf-dist/tex/latex/fontspec/fontspec.cfg)))
(/usr/local/texlive/2021/texmf-dist/tex/latex/siunitx/siunitx.sty
Package: siunitx 2020/02/25 v2.8b A comprehensive (SI) units package

(/usr/local/texlive/2021/texmf-dist/tex/latex/tools/array.sty
Package: array 2020/10/01 v2.5c Tabular extension package (FMi)
\col@sep=\dimen161
\ar@mcellbox=\box52
\extrarowheight=\dimen162
\NC@list=\toks22
\extratabsurround=\skip69
\backup@length=\skip70
\ar@cellbox=\box53
)
(/usr/local/texlive/2021/texmf-dist/tex/latex/l3packages/l3keys2e/l3keys2e.sty
Package: l3keys2e 2021-03-12 LaTeX2e option processing using LaTeX3 keys
)
\l__siunitx_tmp_box=\box54
\l__siunitx_tmp_dim=\dimen163
\l__siunitx_tmp_int=\count279
\l__siunitx_number_mantissa_length_int=\count280
\l__siunitx_number_uncert_length_int=\count281
\l__siunitx_round_int=\count282
\l__siunitx_process_decimal_int=\count283
\l__siunitx_process_uncertainty_int=\count284
\l__siunitx_process_fixed_int=\count285
\l__siunitx_process_integer_min_int=\count286
\l__siunitx_process_precision_int=\count287
\l__siunitx_group_min_int=\count288
\l__siunitx_angle_marker_box=\box55
\l__siunitx_angle_unit_box=\box56
\l__siunitx_angle_marker_dim=\dimen164
\l__siunitx_angle_unit_dim=\dimen165
\l__siunitx_unit_int=\count289
\l__siunitx_unit_denominator_int=\count290
\l__siunitx_unit_numerator_int=\count291
\l__siunitx_unit_prefix_int=\count292
\l__siunitx_unit_prefix_base_int=\count293
\l__siunitx_unit_prefix_gram_int=\count294
\l__siunitx_number_product_int=\count295
\c__siunitx_one_fill_skip=\skip71
\l__siunitx_table_unit_align_skip=\skip72
\l__siunitx_table_exponent_dim=\dimen166
\l__siunitx_table_integer_dim=\dimen167
\l__siunitx_table_mantissa_dim=\dimen168
\l__siunitx_table_marker_dim=\dimen169
\l__siunitx_table_result_dim=\dimen170
\l__siunitx_table_uncert_dim=\dimen171
\l__siunitx_table_fill_pre_dim=\dimen172
\l__siunitx_table_fill_post_dim=\dimen173
\l__siunitx_table_fill_mid_dim=\dimen174
\l__siunitx_table_pre_box=\box57
\l__siunitx_table_post_box=\box58
\l__siunitx_table_mantissa_box=\box59
\l__siunitx_table_result_box=\box60
\l__siunitx_table_number_align_skip=\skip73
\l__siunitx_table_text_align_skip=\skip74
(/usr/local/texlive/2021/texmf-dist/tex/latex/translator/translator.sty
Package: translator 2020-08-03 v1.12c Easy translation of strings in LaTeX
))
(/usr/local/texlive/2021/texmf-dist/tex/latex/mathtools/mathtools.sty
Package: mathtools 2021/03/18 v1.25 mathematical typesetting tools

(/usr/local/texlive/2021/texmf-dist/tex/latex/tools/calc.sty
Package: calc 2017/05/25 v4.3 Infix arithmetic (KKT,FJ)
\calc@Acount=\count296
\calc@Bcount=\count297
\calc@Adimen=\dimen175
\calc@Bdimen=\dimen176
\calc@Askip=\skip75
\calc@Bskip=\skip76
LaTeX Info: Redefining \setlength on input line 80.
LaTeX Info: Redefining \addtolength on input line 81.
\calc@Ccount=\count298
\calc@Cskip=\skip77
)
(/usr/local/texlive/2021/texmf-dist/tex/latex/mathtools/mhsetup.sty
Package: mhsetup 2021/03/18 v1.4 programming setup (MH)
)
LaTeX Info: Thecontrolsequence`\('isalreadyrobust on input line 130.
LaTeX Info: Thecontrolsequence`\)'isalreadyrobust on input line 130.
LaTeX Info: Thecontrolsequence`\['isalreadyrobust on input line 130.
LaTeX Info: Thecontrolsequence`\]'isalreadyrobust on input line 130.
\g_MT_multlinerow_int=\count299
\l_MT_multwidth_dim=\dimen177
\origjot=\skip78
\l_MT_shortvdotswithinadjustabove_dim=\dimen178
\l_MT_shortvdotswithinadjustbelow_dim=\dimen179
\l_MT_above_intertext_sep=\dimen180
\l_MT_below_intertext_sep=\dimen181
\l_MT_above_shortintertext_sep=\dimen182
\l_MT_below_shortintertext_sep=\dimen183
\xmathstrut@box=\box61
\xmathstrut@dim=\dimen184
)
(/usr/local/texlive/2021/texmf-dist/tex/latex/caption/subcaption.sty
Package: subcaption 2020/10/07 v1.3j Sub-captions (AR)

(/usr/local/texlive/2021/texmf-dist/tex/latex/caption/caption.sty
Package: caption 2020/10/26 v3.5g Customizing captions (AR)

(/usr/local/texlive/2021/texmf-dist/tex/latex/caption/caption3.sty
Package: caption3 2020/10/21 v2.2e caption3 kernel (AR)
\captionmargin=\dimen185
\captionmargin@=\dimen186
\captionwidth=\dimen187
\caption@tempdima=\dimen188
\caption@indent=\dimen189
\caption@parindent=\dimen190
\caption@hangindent=\dimen191
Package caption Info: KOMA-Script document class detected.

(/usr/local/texlive/2021/texmf-dist/tex/latex/caption/caption-koma.sto
File: caption-koma.sto 2020/09/21 v2.0b Adaption of the caption package to the 
KOMA-Script document classes (AR)
))
\c@caption@flags=\count300
\c@continuedfloat=\count301
)
\c@subfigure=\count302
\c@subtable=\count303
)
(/usr/local/texlive/2021/texmf-dist/tex/latex/xcolor/xcolor.sty
Package: xcolor 2016/05/11 v2.12 LaTeX color extensions (UK)

(/usr/local/texlive/2021/texmf-dist/tex/latex/graphics-cfg/color.cfg
File: color.cfg 2016/01/02 v1.6 sample color configuration
)
Package xcolor Info: Driver file: luatex.def on input line 225.
Package xcolor Info: Model `cmy' substituted by `cmy0' on input line 1348.
Package xcolor Info: Model `hsb' substituted by `rgb' on input line 1352.
Package xcolor Info: Model `RGB' extended on input line 1364.
Package xcolor Info: Model `HTML' substituted by `rgb' on input line 1366.
Package xcolor Info: Model `Hsb' substituted by `hsb' on input line 1367.
Package xcolor Info: Model `tHsb' substituted by `hsb' on input line 1368.
Package xcolor Info: Model `HSB' substituted by `hsb' on input line 1369.
Package xcolor Info: Model `Gray' substituted by `gray' on input line 1370.
Package xcolor Info: Model `wave' substituted by `hsb' on input line 1371.
)
(/usr/local/texlive/2021/texmf-dist/tex/latex/tools/longtable.sty
Package: longtable 2020/01/07 v4.13 Multi-page Table package (DPC)
\LTleft=\skip79
\LTright=\skip80
\LTpre=\skip81
\LTpost=\skip82
\LTchunksize=\count304
\LTcapwidth=\dimen192
\LT@head=\box62
\LT@firsthead=\box63
\LT@foot=\box64
\LT@lastfoot=\box65
\LT@cols=\count305
\LT@rows=\count306
\c@LT@tables=\count307
\c@LT@chunks=\count308
\LT@p@ftn=\toks23
)
Class scrreprt Info: longtable captions redefined on input line 43.

(/usr/local/texlive/2021/texmf-dist/tex/latex/caption/ltcaption.sty
Package: ltcaption 2020/05/30 v1.4b longtable captions (AR)
)
(/usr/local/texlive/2021/texmf-dist/tex/latex/diagbox/diagbox.sty
Package: diagbox 2020/02/09 v2.3 Making table heads with diagonal lines

(/usr/local/texlive/2021/texmf-dist/tex/latex/pict2e/pict2e.sty
Package: pict2e 2020/09/30 v0.4b Improved picture commands (HjG,RN,JT)

(/usr/local/texlive/2021/texmf-dist/tex/latex/pict2e/pict2e.cfg
File: pict2e.cfg 2016/02/05 v0.1u pict2e configuration for teTeX/TeXLive
)
Package pict2e Info: Driver file: luatex.def on input line 112.
Package pict2e Info: Driver file for pict2e: p2e-luatex.def on input line 114.

(/usr/local/texlive/2021/texmf-dist/tex/latex/pict2e/p2e-luatex.def
File: p2e-luatex.def 2016/02/05 v0.1u Driver-dependant file (RN,HjG,JT)
)
\pIIe@GRAPH=\toks24
\@arclen=\dimen193
\@arcrad=\dimen194
\pIIe@tempdima=\dimen195
\pIIe@tempdimb=\dimen196
\pIIe@tempdimc=\dimen197
\pIIe@tempdimd=\dimen198
\pIIe@tempdime=\dimen199
\pIIe@tempdimf=\dimen256
)
\diagbox@boxa=\box66
\diagbox@boxb=\box67
\diagbox@boxm=\box68
\diagbox@wd=\dimen257
\diagbox@ht=\dimen258
\diagbox@insepl=\dimen259
\diagbox@insepr=\dimen260
\diagbox@outsepl=\dimen261
\diagbox@outsepr=\dimen262
)
(/usr/local/texlive/2021/texmf-dist/tex/latex/graphics/rotating.sty
Package: rotating 2016/08/11 v2.16d rotated objects in LaTeX

(/usr/local/texlive/2021/texmf-dist/tex/latex/base/ifthen.sty
Package: ifthen 2014/09/29 v1.1c Standard LaTeX ifthen package (DPC)
)
\c@r@tfl@t=\count309
\rotFPtop=\skip83
\rotFPbot=\skip84
\rot@float@box=\box69
\rot@mess@toks=\toks25
)
(/usr/local/texlive/2021/texmf-dist/tex/latex/tools/afterpage.sty
Package: afterpage 2014/10/28 v1.08 After-Page Package (DPC)
\AP@output=\toks26
\AP@partial=\box70
\AP@footins=\box71
)
(/usr/local/texlive/2021/texmf-dist/tex/latex/graphics/lscape.sty
Package: lscape 2020/05/28 v3.02 Landscape Pages (DPC)
)
(/usr/local/texlive/2021/texmf-dist/tex/latex/appendix/appendix.sty
Package: appendix 2020/02/08 v1.2c extra appendix facilities
\c@@pps=\count310
\c@@ppsavesec=\count311
\c@@ppsaveapp=\count312
)
(/usr/local/texlive/2021/texmf-dist/tex/latex/hyperref/hyperref.sty
Package: hyperref 2021-02-27 v7.00k Hypertext links for LaTeX

(/usr/local/texlive/2021/texmf-dist/tex/generic/ltxcmds/ltxcmds.sty
Package: ltxcmds 2020-05-10 v1.25 LaTeX kernel commands for general use (HO)
)
(/usr/local/texlive/2021/texmf-dist/tex/generic/pdftexcmds/pdftexcmds.sty
Package: pdftexcmds 2020-06-27 v0.33 Utility functions of pdfTeX for LuaTeX (HO
)

(/usr/local/texlive/2021/texmf-dist/tex/generic/infwarerr/infwarerr.sty
Package: infwarerr 2019/12/03 v1.5 Providing info/warning/error messages (HO)
)
Package pdftexcmds Info: \pdf@primitive is available.
Package pdftexcmds Info: \pdf@ifprimitive is available.
Package pdftexcmds Info: \pdfdraftmode found.
\pdftexcmds@toks=\toks27
)
(/usr/local/texlive/2021/texmf-dist/tex/generic/kvsetkeys/kvsetkeys.sty
Package: kvsetkeys 2019/12/15 v1.18 Key value parser (HO)
)
(/usr/local/texlive/2021/texmf-dist/tex/generic/kvdefinekeys/kvdefinekeys.sty
Package: kvdefinekeys 2019-12-19 v1.6 Define keys (HO)
)
(/usr/local/texlive/2021/texmf-dist/tex/generic/pdfescape/pdfescape.sty
Package: pdfescape 2019/12/09 v1.15 Implements pdfTeX's escape features (HO)
)
(/usr/local/texlive/2021/texmf-dist/tex/latex/hycolor/hycolor.sty
Package: hycolor 2020-01-27 v1.10 Color options for hyperref/bookmark (HO)
)
(/usr/local/texlive/2021/texmf-dist/tex/latex/letltxmacro/letltxmacro.sty
Package: letltxmacro 2019/12/03 v1.6 Let assignment for LaTeX macros (HO)
)
(/usr/local/texlive/2021/texmf-dist/tex/latex/auxhook/auxhook.sty
Package: auxhook 2019-12-17 v1.6 Hooks for auxiliary files (HO)
)
(/usr/local/texlive/2021/texmf-dist/tex/latex/kvoptions/kvoptions.sty
Package: kvoptions 2020-10-07 v3.14 Key value format for package options (HO)
)
\@linkdim=\dimen263
\Hy@linkcounter=\count313
\Hy@pagecounter=\count314

(/usr/local/texlive/2021/texmf-dist/tex/latex/hyperref/pd1enc.def
File: pd1enc.def 2021-02-27 v7.00k Hyperref: PDFDocEncoding definition (HO)
)
(/usr/local/texlive/2021/texmf-dist/tex/latex/hyperref/hyperref-langpatches.def
File: hyperref-langpatches.def 2021-02-27 v7.00k Hyperref: patches for babel la
nguages
) (/usr/local/texlive/2021/texmf-dist/tex/generic/intcalc/intcalc.sty
Package: intcalc 2019/12/15 v1.3 Expandable calculations with integers (HO)
)
(/usr/local/texlive/2021/texmf-dist/tex/generic/etexcmds/etexcmds.sty
Package: etexcmds 2019/12/15 v1.7 Avoid name clashes with e-TeX commands (HO)
)
\Hy@SavedSpaceFactor=\count315

(/usr/local/texlive/2021/texmf-dist/tex/latex/hyperref/puenc.def
File: puenc.def 2021-02-27 v7.00k Hyperref: PDF Unicode definition (HO)
)
Package hyperref Info: Hyper figures OFF on input line 4192.
Package hyperref Info: Link nesting OFF on input line 4197.
Package hyperref Info: Hyper index ON on input line 4200.
Package hyperref Info: Plain pages OFF on input line 4207.
Package hyperref Info: Backreferencing OFF on input line 4212.
Package hyperref Info: Implicit mode ON; LaTeX internals redefined.
Package hyperref Info: Bookmarks ON on input line 4445.
\c@Hy@tempcnt=\count316

(/usr/local/texlive/2021/texmf-dist/tex/latex/url/url.sty
\Urlmuskip=\muskip17
Package: url 2013/09/16  ver 3.4  Verb mode for urls, etc.
)
LaTeX Info: Redefining \url on input line 4804.
\XeTeXLinkMargin=\dimen264

(/usr/local/texlive/2021/texmf-dist/tex/generic/bitset/bitset.sty
Package: bitset 2019/12/09 v1.3 Handle bit-vector datatype (HO)

(/usr/local/texlive/2021/texmf-dist/tex/generic/bigintcalc/bigintcalc.sty
Package: bigintcalc 2019/12/15 v1.5 Expandable calculations on big integers (HO
)
))
\Fld@menulength=\count317
\Field@Width=\dimen265
\Fld@charsize=\dimen266
Package hyperref Info: Hyper figures OFF on input line 6075.
Package hyperref Info: Link nesting OFF on input line 6080.
Package hyperref Info: Hyper index ON on input line 6083.
Package hyperref Info: backreferencing OFF on input line 6090.
Package hyperref Info: Link coloring OFF on input line 6095.
Package hyperref Info: Link coloring with OCG OFF on input line 6100.
Package hyperref Info: PDF/A mode OFF on input line 6105.
LaTeX Info: Redefining \ref on input line 6145.
LaTeX Info: Redefining \pageref on input line 6149.

(/usr/local/texlive/2021/texmf-dist/tex/latex/base/atbegshi-ltx.sty
Package: atbegshi-ltx 2020/08/17 v1.0a Emulation of the original atbegshi packa
ge
with kernel methods
)
\Hy@abspage=\count318
\c@Item=\count319
\c@Hfootnote=\count320
)
Package hyperref Info: Driver (autodetected): hluatex.

(/usr/local/texlive/2021/texmf-dist/tex/latex/hyperref/hluatex.def
File: hluatex.def 2021-02-27 v7.00k Hyperref driver for luaTeX

(/usr/local/texlive/2021/texmf-dist/tex/generic/stringenc/stringenc.sty
Package: stringenc 2019/11/29 v1.12 Convert strings between diff. encodings (HO
)
)
(/usr/local/texlive/2021/texmf-dist/tex/latex/base/atveryend-ltx.sty
Package: atveryend-ltx 2020/08/19 v1.0a Emulation of the original atvery packag
e
with kernel methods
)
\Fld@listcount=\count321
\c@bookmark@seq@number=\count322

(/usr/local/texlive/2021/texmf-dist/tex/latex/rerunfilecheck/rerunfilecheck.sty
Package: rerunfilecheck 2019/12/05 v1.9 Rerun checks for auxiliary files (HO)

(/usr/local/texlive/2021/texmf-dist/tex/generic/uniquecounter/uniquecounter.sty
Package: uniquecounter 2019/12/15 v1.4 Provide unlimited unique counter (HO)
)
Package uniquecounter Info: New unique counter `rerunfilecheck' on input line 2
86.
)
\Hy@SectionHShift=\skip85
)
LaTeX Info: Redefining \tt on input line 121.
 (./thesis.aux (./tex/abstract.aux) (./tex/conventions.aux)
(./tex/introgeneral.aux) (./tex/dipole.aux) (./tex/detectability.aux)
(./tex/higherorder.aux) (./tex/multipoles.aux) (./tex/png_bisp.aux)
(./tex/summary.aux) (./tex/appendix.aux))
\openout1 = thesis.aux

LaTeX Font Info:    Checking defaults for OML/cmm/m/it on input line 205.
LaTeX Font Info:    ... okay on input line 205.
LaTeX Font Info:    Checking defaults for OMS/cmsy/m/n on input line 205.
LaTeX Font Info:    ... okay on input line 205.
LaTeX Font Info:    Checking defaults for OT1/cmr/m/n on input line 205.
LaTeX Font Info:    ... okay on input line 205.
LaTeX Font Info:    Checking defaults for T1/cmr/m/n on input line 205.
LaTeX Font Info:    ... okay on input line 205.
LaTeX Font Info:    Checking defaults for TS1/cmr/m/n on input line 205.
LaTeX Font Info:    Trying to load font information for TS1+cmr on input line 2
05.

(/usr/local/texlive/2021/texmf-dist/tex/latex/base/ts1cmr.fd
File: ts1cmr.fd 2019/12/16 v2.5j Standard LaTeX font definitions
)
LaTeX Font Info:    ... okay on input line 205.
LaTeX Font Info:    Checking defaults for TU/lmr/m/n on input line 205.
LaTeX Font Info:    ... okay on input line 205.
LaTeX Font Info:    Checking defaults for OMX/cmex/m/n on input line 205.
LaTeX Font Info:    ... okay on input line 205.
LaTeX Font Info:    Checking defaults for U/cmr/m/n on input line 205.
LaTeX Font Info:    ... okay on input line 205.
LaTeX Font Info:    Checking defaults for PD1/pdf/m/n on input line 205.
LaTeX Font Info:    ... okay on input line 205.
LaTeX Font Info:    Checking defaults for PU/pdf/m/n on input line 205.
LaTeX Font Info:    ... okay on input line 205.
Package scrbase Info: activating english \contentsname on input line 205.
Package scrbase Info: activating english \listfigurename on input line 205.
Package scrbase Info: activating english \listtablename on input line 205.

*geometry* driver: auto-detecting
*geometry* detected driver: luatex
*geometry* verbose mode - [ preamble ] result:
* driver: luatex
* paper: a4paper
* layout: <same size as paper>
* layoutoffset:(h,v)=(0.0pt,0.0pt)
* modes: 
* h-part:(L,W,R)=(113.81102pt, 426.79135pt, 56.9055pt)
* v-part:(T,H,B)=(99.58464pt, 660.10394pt, 85.35826pt)
* \paperwidth=597.50787pt
* \paperheight=845.04684pt
* \textwidth=426.79135pt
* \textheight=660.10394pt
* \oddsidemargin=41.54103pt
* \evensidemargin=41.54103pt
* \topmargin=-12.56035pt
* \headheight=18.125pt
* \headsep=21.75pt
* \topskip=12.0pt
* \footskip=50.75pt
* \marginparwidth=49.79233pt
* \marginparsep=12.8401pt
* \columnsep=10.0pt
* \skip\footins=10.8pt plus 4.0pt minus 2.0pt
* \hoffset=0.0pt
* \voffset=0.0pt
* \mag=1000
* \@twocolumnfalse
* \@twosidefalse
* \@mparswitchfalse
* \@reversemarginfalse
* (1in=72.27pt=25.4mm, 1cm=28.453pt)

(/usr/local/texlive/2021/texmf-dist/tex/context/base/mkii/supp-pdf.mkii
[Loading MPS to PDF converter (version 2006.09.02).]
\scratchcounter=\count323
\scratchdimen=\dimen267
\scratchbox=\box72
\nofMPsegments=\count324
\nofMParguments=\count325
\everyMPshowfont=\toks28
\MPscratchCnt=\count326
\MPscratchDim=\dimen268
\MPnumerator=\count327
\makeMPintoPDFobject=\count328
\everyMPtoPDFconversion=\toks29
) (/usr/local/texlive/2021/texmf-dist/tex/latex/epstopdf-pkg/epstopdf-base.sty
Package: epstopdf-base 2020-01-24 v2.11 Base part for package epstopdf
Package epstopdf-base Info: Redefining graphics rule for `.eps' on input line 4
85.

(/usr/local/texlive/2021/texmf-dist/tex/latex/latexconfig/epstopdf-sys.cfg
File: epstopdf-sys.cfg 2010/07/13 v1.3 Configuration of (r)epstopdf for TeX Liv
e
))

Package fontspec Info: Adjusting the maths setup (use [no-math] to avoid
(fontspec)             this).

\symlegacymaths=\mathgroup9
LaTeX Font Info:    Overwriting symbol font `legacymaths' in version `bold'
(Font)                  OT1/cmr/m/n --> OT1/cmr/bx/n on input line 205.
LaTeX Font Info:    Redeclaring math accent \acute on input line 205.
LaTeX Font Info:    Redeclaring math accent \grave on input line 205.
LaTeX Font Info:    Redeclaring math accent \ddot on input line 205.
LaTeX Font Info:    Redeclaring math accent \tilde on input line 205.
LaTeX Font Info:    Redeclaring math accent \bar on input line 205.
LaTeX Font Info:    Redeclaring math accent \breve on input line 205.
LaTeX Font Info:    Redeclaring math accent \check on input line 205.
LaTeX Font Info:    Redeclaring math accent \hat on input line 205.
LaTeX Font Info:    Redeclaring math accent \dot on input line 205.
LaTeX Font Info:    Redeclaring math accent \mathring on input line 205.
LaTeX Font Info:    Redeclaring math symbol \Gamma on input line 205.
LaTeX Font Info:    Redeclaring math symbol \Delta on input line 205.
LaTeX Font Info:    Redeclaring math symbol \Theta on input line 205.
LaTeX Font Info:    Redeclaring math symbol \Lambda on input line 205.
LaTeX Font Info:    Redeclaring math symbol \Xi on input line 205.
LaTeX Font Info:    Redeclaring math symbol \Pi on input line 205.
LaTeX Font Info:    Redeclaring math symbol \Sigma on input line 205.
LaTeX Font Info:    Redeclaring math symbol \Upsilon on input line 205.
LaTeX Font Info:    Redeclaring math symbol \Phi on input line 205.
LaTeX Font Info:    Redeclaring math symbol \Psi on input line 205.
LaTeX Font Info:    Redeclaring math symbol \Omega on input line 205.
LaTeX Font Info:    Redeclaring math symbol \mathdollar on input line 205.
LaTeX Font Info:    Redeclaring symbol font `operators' on input line 205.
LaTeX Font Info:    Encoding `OT1' has changed to `TU' for symbol font
(Font)              `operators' in the math version `normal' on input line 205.

LaTeX Font Info:    Overwriting symbol font `operators' in version `normal'
(Font)                  OT1/cmr/m/n --> TU/lmr/m/n on input line 205.
LaTeX Font Info:    Encoding `OT1' has changed to `TU' for symbol font
(Font)              `operators' in the math version `bold' on input line 205.
LaTeX Font Info:    Overwriting symbol font `operators' in version `bold'
(Font)                  OT1/cmr/bx/n --> TU/lmr/m/n on input line 205.
LaTeX Font Info:    Overwriting symbol font `operators' in version `normal'
(Font)                  TU/lmr/m/n --> TU/lmr/m/n on input line 205.
LaTeX Font Info:    Overwriting math alphabet `\mathit' in version `normal'
(Font)                  OT1/cmr/m/it --> TU/lmr/m/it on input line 205.
LaTeX Font Info:    Overwriting math alphabet `\mathbf' in version `normal'
(Font)                  OT1/cmr/bx/n --> TU/lmr/b/n on input line 205.
LaTeX Font Info:    Overwriting math alphabet `\mathsf' in version `normal'
(Font)                  OT1/cmss/m/n --> TU/lmss/m/n on input line 205.
LaTeX Font Info:    Overwriting math alphabet `\mathtt' in version `normal'
(Font)                  OT1/cmtt/m/n --> TU/lmtt/m/n on input line 205.
LaTeX Font Info:    Overwriting symbol font `operators' in version `bold'
(Font)                  TU/lmr/m/n --> TU/lmr/b/n on input line 205.
LaTeX Font Info:    Overwriting math alphabet `\mathit' in version `bold'
(Font)                  OT1/cmr/bx/it --> TU/lmr/b/it on input line 205.
LaTeX Font Info:    Overwriting math alphabet `\mathsf' in version `bold'
(Font)                  OT1/cmss/bx/n --> TU/lmss/b/n on input line 205.
LaTeX Font Info:    Overwriting math alphabet `\mathtt' in version `bold'
(Font)                  OT1/cmtt/m/n --> TU/lmtt/b/n on input line 205.

(/usr/local/texlive/2021/texmf-dist/tex/latex/siunitx/siunitx-abbreviations.cfg
File: siunitx-abbreviations.cfg 2017/11/26 v2.7k siunitx: Abbreviated units
)
(/usr/local/texlive/2021/texmf-dist/tex/latex/translator/translator-basic-dicti
onary-English.dict
Dictionary: translator-basic-dictionary, Language: English 
)
Package caption Info: Begin \AtBeginDocument code.
Package caption Info: hyperref package is loaded.
Package caption Info: longtable package is loaded.
Package caption Info: rotating package is loaded.
Package caption Info: End \AtBeginDocument code.
Package hyperref Info: Link coloring OFF on input line 205.

(/usr/local/texlive/2021/texmf-dist/tex/latex/hyperref/nameref.sty
Package: nameref 2021-04-02 v2.47 Cross-referencing by name of section

(/usr/local/texlive/2021/texmf-dist/tex/latex/refcount/refcount.sty
Package: refcount 2019/12/15 v3.6 Data extraction from label references (HO)
)
(/usr/local/texlive/2021/texmf-dist/tex/generic/gettitlestring/gettitlestring.s
ty
Package: gettitlestring 2019/12/15 v1.6 Cleanup title references (HO)
)
\c@section@level=\count329
)
LaTeX Info: Redefining \ref on input line 205.
LaTeX Info: Redefining \pageref on input line 205.
LaTeX Info: Redefining \nameref on input line 205.
 (./thesis.out) (./thesis.out)
\@outlinefile=\write3

\openout3 = thesis.out
Class scrreprt Info: loading recommended package `bookmark'.
(scrreprt)           Using `bookmark' together with `hyperref' is recommended,
(scrreprt)           because of handling of possible bookmark level gaps.
(scrreprt)           You can avoid loading `bookmark' with KOMA-Script option
(scrreprt)           `bookmarkpackage=false' before \begin{document} and
(scrreprt)           you can avoid this message adding:
(scrreprt)             \usepackage{bookmark}
(scrreprt)           before \begin{document} on input line 205.

(/usr/local/texlive/2021/texmf-dist/tex/latex/bookmark/bookmark.sty
Package: bookmark 2020-11-06 v1.29 PDF bookmarks (HO)

(/usr/local/texlive/2021/texmf-dist/tex/latex/bookmark/bkm-pdftex.def
File: bkm-pdftex.def 2020-11-06 v1.29 bookmark driver for pdfTeX (HO)
\BKM@id=\count330
))
LaTeX Font Info:    Trying to load font information for U+msa on input line 205
.

(/usr/local/texlive/2021/texmf-dist/tex/latex/amsfonts/umsa.fd
File: umsa.fd 2013/01/14 v3.01 AMS symbols A
)
LaTeX Font Info:    Trying to load font information for U+msb on input line 205
.

(/usr/local/texlive/2021/texmf-dist/tex/latex/amsfonts/umsb.fd
File: umsb.fd 2013/01/14 v3.01 AMS symbols B
)
Package hyperref Info: Option `pageanchor' set `false' on input line 207.

(./tex/title.tex)
Underfull \hbox (badness 10000) in paragraph at lines 214--214

 []

[1




{/usr/local/texlive/2021/texmf-var/fonts/map/pdftex/updmap/pdftex.map}]
Underfull \hbox (badness 10000) in paragraph at lines 214--214

 []


Underfull \hbox (badness 10000) in paragraph at lines 214--214

 []


Underfull \hbox (badness 10000) in paragraph at lines 214--214

 []


Underfull \hbox (badness 10000) in paragraph at lines 214--214

 []

[2



] [3]
\openout2 = tex/abstract.aux
 (./tex/abstract.tex) [4




]
\openout2 = tex/conventions.aux
 (./tex/conventions.tex [5




]) [6] (./thesis.toc
[7



]
Overfull \hbox (1.66795pt too wide) detected at line 56
 \TU/lmr/bx/n/12 112
 []


Overfull \hbox (1.66795pt too wide) detected at line 63
 \TU/lmr/bx/n/12 144
 []


Overfull \hbox (1.66795pt too wide) detected at line 76
 \TU/lmr/bx/n/12 171
 []


Overfull \hbox (1.66795pt too wide) detected at line 77
 \TU/lmr/bx/n/12 175
 []


Overfull \hbox (1.66795pt too wide) detected at line 78
 \TU/lmr/bx/n/12 178
 []


Overfull \hbox (1.66795pt too wide) detected at line 79
 \TU/lmr/bx/n/12 186
 []


Overfull \hbox (1.66795pt too wide) detected at line 80
 \TU/lmr/bx/n/12 188
 []


Overfull \hbox (1.66795pt too wide) detected at line 81
 \TU/lmr/bx/n/12 196
 []


Overfull \hbox (1.66795pt too wide) detected at line 82
 \TU/lmr/bx/n/12 198
 []

[8]
Overfull \hbox (1.66795pt too wide) detected at line 83
 \TU/lmr/bx/n/12 218
 []


Overfull \hbox (1.66795pt too wide) detected at line 84
 \TU/lmr/bx/n/12 225
 []

)
\tf@toc=\write4

\openout4 = thesis.toc
Package hyperref Info: Option `pageanchor' set `true' on input line 237.
 [9]
\openout2 = tex/introgeneral.aux
 (./tex/introgeneral.tex
chapter 1.
[10


]
<fig/placeholer_energycontent_wmap.png, id=214, 722.7pt x 504.88625pt>
File: fig/placeholer_energycontent_wmap.png Graphic file (type png)
<use fig/placeholer_energycontent_wmap.png>
Package luatex.def Info: fig/placeholer_energycontent_wmap.png  used on input l
ine 19.
(luatex.def)             Requested size: 256.07741pt x 178.90074pt.
<fig/history_universe_inverted.png, id=217, 833.0322pt x 564.1878pt>
File: fig/history_universe_inverted.png Graphic file (type png)
<use fig/history_universe_inverted.png>
Package luatex.def Info: fig/history_universe_inverted.png  used on input line 
26.
(luatex.def)             Requested size: 405.45047pt x 274.60355pt.
 [11<./fig/placeholer_energycontent_wmap.png>]
<fig/Planck_CMB.jpg, id=230, 1927.2pt x 963.6pt>
File: fig/Planck_CMB.jpg Graphic file (type jpg)
<use fig/Planck_CMB.jpg>
Package luatex.def Info: fig/Planck_CMB.jpg  used on input line 35.
(luatex.def)             Requested size: 384.1096pt x 192.05493pt.
 [12<./fig/history_universe_inverted.png>]
<fig/Millennium.png, id=243, 544.10173pt x 309.01656pt>
File: fig/Millennium.png Graphic file (type png)
<use fig/Millennium.png>
Package luatex.def Info: fig/Millennium.png  used on input line 43.
(luatex.def)             Requested size: 341.43437pt x 193.91286pt.
 [13<./fig/Planck_CMB.jpg>] [14<./fig/Millennium.png>] [15]
<fig/sdss.png, id=317, 935.495pt x 915.42pt>
File: fig/sdss.png Graphic file (type png)
<use fig/sdss.png>
Package luatex.def Info: fig/sdss.png  used on input line 77.
(luatex.def)             Requested size: 341.43437pt x 334.10457pt.

[16] [17<./fig/sdss.png>] [18] [19]
<fig/matterpower_z1.pdf, id=407, 527.98384pt x 497.33932pt>
File: fig/matterpower_z1.pdf Graphic file (type pdf)
<use fig/matterpower_z1.pdf>
Package luatex.def Info: fig/matterpower_z1.pdf  used on input line 146.
(luatex.def)             Requested size: 298.75264pt x 281.41461pt.
 [20<./fig/matterpower_z1.pdf>] [21]
[22]
<fig/Equilateral.png, id=468, 714.9912pt x 447.1104pt>
File: fig/Equilateral.png Graphic file (type png)
<use fig/Equilateral.png>
Package luatex.def Info: fig/Equilateral.png  used on input line 193.
(luatex.def)             Requested size: 341.43437pt x 213.51215pt.
 [23<./fig/Equilateral.png>]
<fig/boss_bispmeasurement.png, id=484, 824.58063pt x 687.06688pt>
File: fig/boss_bispmeasurement.png Graphic file (type png)
<use fig/boss_bispmeasurement.png>
Package luatex.def Info: fig/boss_bispmeasurement.png  used on input line 204.
(luatex.def)             Requested size: 341.43437pt x 284.49841pt.
<fig/ypsnr.png, id=493, 1445.4pt x 1084.05pt>
File: fig/ypsnr.png Graphic file (type png)
<use fig/ypsnr.png>
Package luatex.def Info: fig/ypsnr.png  used on input line 213.
(luatex.def)             Requested size: 298.75264pt x 224.06776pt.
 [24] [25<./fig/boss_bispmeasurement.png>]
<fig/triangleshapes.png, id=526, 918.93312pt x 206.27063pt>
File: fig/triangleshapes.png Graphic file (type png)
<use fig/triangleshapes.png>
Package luatex.def Info: fig/triangleshapes.png  used on input line 234.
(luatex.def)             Requested size: 384.1096pt x 86.22075pt.

[26<./fig/ypsnr.png>] [27<./fig/triangleshapes.png>]
<fig/limdcartoon.png, id=554, 438.63875pt x 287.0725pt>
File: fig/limdcartoon.png Graphic file (type png)
<use fig/limdcartoon.png>
Package luatex.def Info: fig/limdcartoon.png  used on input line 283.
(luatex.def)             Requested size: 341.43437pt x 223.46008pt.
 [28] [29<./fig/limdcartoon.png>] [30]) [31] [32]
\openout2 = tex/dipole.aux
 (./tex/dipole.tex
chapter 2.
[33




] [34] [35] [36]
<fig/fig.pdf, id=704, 236.97232pt x 226.03044pt>
File: fig/fig.pdf Graphic file (type pdf)
<use fig/fig.pdf>
Package luatex.def Info: fig/fig.pdf  used on input line 133.
(luatex.def)             Requested size: 256.07741pt x 244.25407pt.
 [37] [38<./fig/fig.pdf>]
Underfull \hbox (badness 10000) in paragraph at lines 161--164

 []

[39]
<fig/figuresv2-02.png, id=759, 1236.0579pt x 673.0746pt>
File: fig/figuresv2-02.png Graphic file (type png)
<use fig/figuresv2-02.png>
Package luatex.def Info: fig/figuresv2-02.png  used on input line 222.
(luatex.def)             Requested size: 426.79135pt x 232.40611pt.
<fig/figuresv2-01.png, id=760, 1260.1479pt x 683.4333pt>
File: fig/figuresv2-01.png Graphic file (type png)
<use fig/figuresv2-01.png>
Package luatex.def Info: fig/figuresv2-01.png  used on input line 230.
(luatex.def)             Requested size: 426.79135pt x 231.4674pt.
 [40] [41<./fig/figuresv2-02.png>] [42<./fig/figuresv2-01.png>]) [43]
\openout2 = tex/detectability.aux

(./tex/detectability.tex
chapter 3.
[44




] [45]
Overfull \hbox (0.45457pt too wide) detected at line 67
[]
 []


Overfull \hbox (12.0pt too wide) in paragraph at lines 67--67
[] 
 []

[46] [47] [48]
Overfull \hbox (22.24777pt too wide) detected at line 137
[][][]\OT1/cmr/m/n/12 [[](\OML/cmm/m/it/12 z; k[]; []; '\OT1/cmr/m/n/12 )] = \
OML/cmm/m/it/12 s[] [] [] []\OT1/cmr/m/n/12 (\OML/cmm/m/it/12 z; k[]; []\OT1/c
mr/m/n/12 )[](\OML/cmm/m/it/12 z; k[]; []\OT1/cmr/m/n/12 )[](\OML/cmm/m/it/12 
z; k[]; []\OT1/cmr/m/n/12 ) \OML/cmm/m/it/12 ;
 []

[49] [50]
<fig/colournmu1nphi_Doppler-eps-converted-to.pdf, id=946, 867.24pt x 722.7pt>
File: fig/colournmu1nphi_Doppler-eps-converted-to.pdf Graphic file (type pdf)
<use fig/colournmu1nphi_Doppler-eps-converted-to.pdf>
Package luatex.def Info: fig/colournmu1nphi_Doppler-eps-converted-to.pdf  used 
on input line 229.
(luatex.def)             Requested size: 384.1096pt x 320.09523pt.
 [51]
warning  (file fig/b-eps-converted-to.pdf) (pdf inclusion): PDF inclusion: found
 PDF version '1.7', but at most version '1.5' allowed
<fig/b-eps-converted-to.pdf, id=961, 722.7pt x 578.16pt>
File: fig/b-eps-converted-to.pdf Graphic file (type pdf)
<use fig/b-eps-converted-to.pdf>
Package luatex.def Info: fig/b-eps-converted-to.pdf  used on input line 244.
(luatex.def)             Requested size: 209.1301pt x 167.3004pt.

warning  (file fig/V_n-eps-converted-to.pdf) (pdf inclusion): PDF inclusion: fou
nd PDF version '1.7', but at most version '1.5' allowed
<fig/V_n-eps-converted-to.pdf, id=962, 722.7pt x 578.16pt>
File: fig/V_n-eps-converted-to.pdf Graphic file (type pdf)
<use fig/V_n-eps-converted-to.pdf>
Package luatex.def Info: fig/V_n-eps-converted-to.pdf  used on input line 245.
(luatex.def)             Requested size: 209.1301pt x 167.3004pt.

warning  (file fig/sigma-eps-converted-to.pdf) (pdf inclusion): PDF inclusion: f
ound PDF version '1.7', but at most version '1.5' allowed
<fig/sigma-eps-converted-to.pdf, id=963, 722.7pt x 578.16pt>
File: fig/sigma-eps-converted-to.pdf Graphic file (type pdf)
<use fig/sigma-eps-converted-to.pdf>
Package luatex.def Info: fig/sigma-eps-converted-to.pdf  used on input line 246
.
(luatex.def)             Requested size: 209.1301pt x 167.3004pt.
[52] [53<./fig/colournmu1nphi_Doppler-eps-converted-to.pdf>] [54<./fig/b-eps-con
verted-to.pdf><./fig/V_n-eps-converted-to.pdf><./fig/sigma-eps-converted-to.pdf>
]
warning  (file fig/beQ-eps-converted-to.pdf) (pdf inclusion): PDF inclusion: fou
nd PDF version '1.7', but at most version '1.5' allowed
<fig/beQ-eps-converted-to.pdf, id=1065, 722.7pt x 578.16pt>
File: fig/beQ-eps-converted-to.pdf Graphic file (type pdf)
<use fig/beQ-eps-converted-to.pdf>
Package luatex.def Info: fig/beQ-eps-converted-to.pdf  used on input line 298.
(luatex.def)             Requested size: 384.1096pt x 307.28789pt.
[55<./fig/beQ-eps-converted-to.pdf>]
Overfull \hbox (7.57774pt too wide) in paragraph at lines 360--364
\TU/lmr/m/n/12 We can now eval-u-ate the Doppler-type rel-a-tivis-tic part of th
e bis-pec-trum, []--[],
 []

[56] [57]
<fig/snrDoppler-eps-converted-to.pdf, id=1141, 867.24pt x 722.7pt>
File: fig/snrDoppler-eps-converted-to.pdf Graphic file (type pdf)
<use fig/snrDoppler-eps-converted-to.pdf>
Package luatex.def Info: fig/snrDoppler-eps-converted-to.pdf  used on input lin
e 373.
(luatex.def)             Requested size: 341.43437pt x 284.53154pt.
<fig/CumulativesnrDoppler-eps-converted-to.pdf, id=1142, 867.24pt x 722.7pt>
File: fig/CumulativesnrDoppler-eps-converted-to.pdf Graphic file (type pdf)
<use fig/CumulativesnrDoppler-eps-converted-to.pdf>
Package luatex.def Info: fig/CumulativesnrDoppler-eps-converted-to.pdf  used on
 input line 374.
(luatex.def)             Requested size: 341.43437pt x 284.53154pt.
<fig/kmaxsnr-eps-converted-to.pdf, id=1143, 867.24pt x 722.7pt>
File: fig/kmaxsnr-eps-converted-to.pdf Graphic file (type pdf)
<use fig/kmaxsnr-eps-converted-to.pdf>
Package luatex.def Info: fig/kmaxsnr-eps-converted-to.pdf  used on input line 3
79.
(luatex.def)             Requested size: 341.43437pt x 284.53154pt.
<fig/kmaxcumsnr-eps-converted-to.pdf, id=1144, 867.24pt x 722.7pt>
File: fig/kmaxcumsnr-eps-converted-to.pdf Graphic file (type pdf)
<use fig/kmaxcumsnr-eps-converted-to.pdf>
Package luatex.def Info: fig/kmaxcumsnr-eps-converted-to.pdf  used on input lin
e 380.
(luatex.def)             Requested size: 341.43437pt x 284.53154pt.
<fig/cumulativeSnrdopplerQ0_0-eps-converted-to.pdf, id=1146, 867.24pt x 722.7pt
>
File: fig/cumulativeSnrdopplerQ0_0-eps-converted-to.pdf Graphic file (type pdf)

<use fig/cumulativeSnrdopplerQ0_0-eps-converted-to.pdf>
Package luatex.def Info: fig/cumulativeSnrdopplerQ0_0-eps-converted-to.pdf  use
d on input line 388.
(luatex.def)             Requested size: 209.1301pt x 174.26758pt.
<fig/cumulativeSnrdopplerQ0_5-eps-converted-to.pdf, id=1147, 867.24pt x 722.7pt
>
File: fig/cumulativeSnrdopplerQ0_5-eps-converted-to.pdf Graphic file (type pdf)

<use fig/cumulativeSnrdopplerQ0_5-eps-converted-to.pdf>
Package luatex.def Info: fig/cumulativeSnrdopplerQ0_5-eps-converted-to.pdf  use
d on input line 389.
(luatex.def)             Requested size: 209.1301pt x 174.26758pt.
<fig/cumulativeSnrdopplerQ1_5-eps-converted-to.pdf, id=1148, 867.24pt x 722.7pt
>
File: fig/cumulativeSnrdopplerQ1_5-eps-converted-to.pdf Graphic file (type pdf)

<use fig/cumulativeSnrdopplerQ1_5-eps-converted-to.pdf>
Package luatex.def Info: fig/cumulativeSnrdopplerQ1_5-eps-converted-to.pdf  use
d on input line 390.
(luatex.def)             Requested size: 209.1301pt x 174.26758pt.
<fig/cumulativeSnrdopplerQ2_0-eps-converted-to.pdf, id=1149, 867.24pt x 722.7pt
>
File: fig/cumulativeSnrdopplerQ2_0-eps-converted-to.pdf Graphic file (type pdf)

<use fig/cumulativeSnrdopplerQ2_0-eps-converted-to.pdf>
Package luatex.def Info: fig/cumulativeSnrdopplerQ2_0-eps-converted-to.pdf  use
d on input line 391.
(luatex.def)             Requested size: 209.1301pt x 174.26758pt.
<fig/cumDoppSnr_kmin-eps-converted-to.pdf, id=1152, 867.24pt x 722.7pt>
File: fig/cumDoppSnr_kmin-eps-converted-to.pdf Graphic file (type pdf)
<use fig/cumDoppSnr_kmin-eps-converted-to.pdf>
Package luatex.def Info: fig/cumDoppSnr_kmin-eps-converted-to.pdf  used on inpu
t line 402.
(luatex.def)             Requested size: 384.1096pt x 320.09523pt.
 [58]
Overfull \vbox (11.64566pt too high) has occurred while \output is active []


[59<./fig/snrDoppler-eps-converted-to.pdf><./fig/CumulativesnrDoppler-eps-conver
ted-to.pdf>]
<fig/DoppSnr_K2D-eps-converted-to.pdf, id=1197, 867.24pt x 722.7pt>
File: fig/DoppSnr_K2D-eps-converted-to.pdf Graphic file (type pdf)
<use fig/DoppSnr_K2D-eps-converted-to.pdf>
Package luatex.def Info: fig/DoppSnr_K2D-eps-converted-to.pdf  used on input li
ne 418.
(luatex.def)             Requested size: 341.43437pt x 284.53154pt.
<fig/cumDoppSnr_K2D-eps-converted-to.pdf, id=1198, 867.24pt x 722.7pt>
File: fig/cumDoppSnr_K2D-eps-converted-to.pdf Graphic file (type pdf)
<use fig/cumDoppSnr_K2D-eps-converted-to.pdf>
Package luatex.def Info: fig/cumDoppSnr_K2D-eps-converted-to.pdf  used on input
 line 419.
(luatex.def)             Requested size: 341.43437pt x 284.53154pt.
 [60<./fig/kmaxsnr-eps-converted-to.pdf><./fig/kmaxcumsnr-eps-converted-to.pdf>] [61<./fig/cumulativeSnrdopplerQ0_0-eps-converted-to.pdf><./fig/cumulativeSnrdopplerQ0_5-eps-converted-to.pdf><./fig/cumulativeSnrdopplerQ1_5-eps-converted-to.pdf><./fig/cumulativeSnrdopplerQ2_0-eps-converted-to.pdf>]
<fig/gamma_sigma8_AD-eps-converted-to.pdf, id=1309, 867.24pt x 722.7pt>
File: fig/gamma_sigma8_AD-eps-converted-to.pdf Graphic file (type pdf)
<use fig/gamma_sigma8_AD-eps-converted-to.pdf>
Package luatex.def Info: fig/gamma_sigma8_AD-eps-converted-to.pdf  used on inpu
t line 446.
(luatex.def)             Requested size: 384.1096pt x 320.09523pt.

[62<./fig/cumDoppSnr_kmin-eps-converted-to.pdf>] [63<./fig/DoppSnr_K2D-eps-conve
rted-to.pdf><./fig/cumDoppSnr_K2D-eps-converted-to.pdf>] [64<./fig/gamma_sigma8_
AD-eps-converted-to.pdf>] [65]
<fig/model3ngbeq.png, id=1390, 729.72626pt x 573.64313pt>
File: fig/model3ngbeq.png Graphic file (type png)
<use fig/model3ngbeq.png>
Package luatex.def Info: fig/model3ngbeq.png  used on input line 506.
(luatex.def)             Requested size: 384.1096pt x 301.94617pt.
<fig/model3_perzbin.pdf, id=1395, 511.89336pt x 494.89627pt>
File: fig/model3_perzbin.pdf Graphic file (type pdf)
<use fig/model3_perzbin.pdf>
Package luatex.def Info: fig/model3_perzbin.pdf  used on input line 514.
(luatex.def)             Requested size: 204.85802pt x 198.05316pt.
<fig/model3_cum.pdf, id=1396, 507.81354pt x 494.89627pt>
File: fig/model3_cum.pdf Graphic file (type pdf)
<use fig/model3_cum.pdf>
Package luatex.def Info: fig/model3_cum.pdf  used on input line 515.
(luatex.def)             Requested size: 204.85802pt x 199.64653pt.
 [66] [67<./fig/model3ngbeq.png>] [68<./fig/model3_perzbin.pdf><./fig/model3_cum
.pdf>] [69] [70] [71]
<fig/HIBias.pdf, id=1556, 1084.05pt x 1084.05pt>
File: fig/HIBias.pdf Graphic file (type pdf)
<use fig/HIBias.pdf>
Package luatex.def Info: fig/HIBias.pdf  used on input line 633.
(luatex.def)             Requested size: 209.1301pt x 209.11447pt.
<fig/THI.pdf, id=1557, 1084.05pt x 1084.05pt>
File: fig/THI.pdf Graphic file (type pdf)
<use fig/THI.pdf>
Package luatex.def Info: fig/THI.pdf  used on input line 634.
(luatex.def)             Requested size: 209.1301pt x 209.11447pt.
 [72<./fig/HIBias.pdf><./fig/THI.pdf>] [73]
Overfull \hbox (0.559pt too wide) detected at line 700
[]
 []

[74]
Overfull \hbox (24.85825pt too wide) in paragraph at lines 737--739
\TU/lmr/m/n/12 ping. All sources of ra-dio emis-sion within our ob-serv-ing band
 make up the contamination--
 []

[75] [76] [77]
<fig/kplane.pdf, id=1747, 1084.05pt x 1084.05pt>
File: fig/kplane.pdf Graphic file (type pdf)
<use fig/kplane.pdf>
Package luatex.def Info: fig/kplane.pdf  used on input line 795.
(luatex.def)             Requested size: 341.43437pt x 341.42793pt.
 [78<./fig/kplane.pdf>] [79]
Overfull \hbox (2.7405pt too wide) in paragraph at lines 874--874
[]|$\OML/cmm/m/it/10 f[]$| 
 []


Overfull \hbox (8.64764pt too wide) in paragraph at lines 874--874
[]|$\OML/cmm/m/it/10 t[]$| 
 []


Overfull \hbox (5.0703pt too wide) in paragraph at lines 874--874
[]|$\OML/cmm/m/it/10 T[]$| 
 []


Overfull \hbox (1.81525pt too wide) in paragraph at lines 874--874
[]|$\OML/cmm/m/it/10 D[]$| 
 []


Overfull \hbox (1.5708pt too wide) in paragraph at lines 874--874
[]|$\OML/cmm/m/it/10 N[]$| 
 []


Overfull \hbox (12.15424pt too wide) in paragraph at lines 874--875
[]|$\OML/cmm/m/it/10 D[]$| 
 []


Overfull \hbox (11.5757pt too wide) in paragraph at lines 875--875
[]|\TU/lmr/m/n/10 [$\OT1/cmr/m/n/10 10[]$
 []


Overfull \hbox (6.56953pt too wide) in paragraph at lines 875--875
\TU/lmr/m/n/10 hr]| 
 []


Overfull \hbox (7.64954pt too wide) in paragraph at lines 875--875
[]|\TU/lmr/m/n/10 [K]| 
 []


Overfull \hbox (2.50908pt too wide) in paragraph at lines 875--875
[]|\TU/lmr/m/n/10 [m]| 
 []


Overfull \hbox (2.50908pt too wide) in paragraph at lines 875--876
[]|\TU/lmr/m/n/10 [m]| 
 []


Overfull \hbox (6.41678pt too wide) in paragraph at lines 877--877
[]|\TU/lmr/m/n/10 0.10--0.58| 
 []


Overfull \hbox (3.55363pt too wide) in paragraph at lines 877--877
[]|\TU/lmr/m/n/10 0.10| 
 []


Overfull \hbox (6.39908pt too wide) in paragraph at lines 877--877
[]|\TU/lmr/m/n/10 13.5| 
 []


Overfull \hbox (6.41678pt too wide) in paragraph at lines 878--878
[]|\TU/lmr/m/n/10 0.40--1.45| 
 []


Overfull \hbox (3.55363pt too wide) in paragraph at lines 878--878
[]|\TU/lmr/m/n/10 0.10| 
 []


Overfull \hbox (6.39908pt too wide) in paragraph at lines 878--878
[]|\TU/lmr/m/n/10 13.5| 
 []


Overfull \hbox (6.41678pt too wide) in paragraph at lines 879--879
[]|\TU/lmr/m/n/10 0.35--3.05| 
 []


Overfull \hbox (3.55363pt too wide) in paragraph at lines 879--879
[]|\TU/lmr/m/n/10 0.48| 
 []


Overfull \hbox (4.30954pt too wide) in paragraph at lines 879--879
[]|\TU/lmr/m/n/10 10| 
 []


Overfull \hbox (6.39908pt too wide) in paragraph at lines 879--879
[]|\TU/lmr/m/n/10 15.0| 
 []


Overfull \hbox (3.61908pt too wide) in paragraph at lines 879--879
[]|\TU/lmr/m/n/10 197| 
 []


Overfull \hbox (6.41678pt too wide) in paragraph at lines 880--880
[]|\TU/lmr/m/n/10 0.10--0.49| 
 []


Overfull \hbox (3.55363pt too wide) in paragraph at lines 880--880
[]|\TU/lmr/m/n/10 0.48| 
 []


Overfull \hbox (4.30954pt too wide) in paragraph at lines 880--880
[]|\TU/lmr/m/n/10 10| 
 []


Overfull \hbox (6.39908pt too wide) in paragraph at lines 880--880
[]|\TU/lmr/m/n/10 15.0| 
 []


Overfull \hbox (3.61908pt too wide) in paragraph at lines 880--880
[]|\TU/lmr/m/n/10 197| 
 []


Overfull \hbox (6.41678pt too wide) in paragraph at lines 881--881
[]|\TU/lmr/m/n/10 0.75--2.00| 
 []


Overfull \hbox (3.55363pt too wide) in paragraph at lines 881--881
[]|\TU/lmr/m/n/10 0.36| 
 []


Overfull \hbox (4.30954pt too wide) in paragraph at lines 881--881
[]|\TU/lmr/m/n/10 10| 
 []


Overfull \hbox (4.30954pt too wide) in paragraph at lines 881--881
[]|\TU/lmr/m/n/10 50| 
 []


Overfull \hbox (1.39908pt too wide) in paragraph at lines 881--881
[]|\TU/lmr/m/n/10 6.0| 
 []


Overfull \hbox (8.61908pt too wide) in paragraph at lines 881--881
[]|\TU/lmr/m/n/10 1024| 
 []


Overfull \hbox (3.61908pt too wide) in paragraph at lines 881--882
[]|\TU/lmr/m/n/10 270| 
 []


Overfull \hbox (6.41678pt too wide) in paragraph at lines 882--882
[]|\TU/lmr/m/n/10 2.00--6.00| 
 []


Overfull \hbox (3.55363pt too wide) in paragraph at lines 882--882
[]|\TU/lmr/m/n/10 0.50| 
 []


Overfull \hbox (4.30954pt too wide) in paragraph at lines 882--882
[]|\TU/lmr/m/n/10 40| 
 []


Overfull \hbox (4.30954pt too wide) in paragraph at lines 882--882
[]|\TU/lmr/m/n/10 50| 
 []


Overfull \hbox (1.39908pt too wide) in paragraph at lines 882--882
[]|\TU/lmr/m/n/10 6.0| 
 []


Overfull \hbox (8.61908pt too wide) in paragraph at lines 882--882
[]|\TU/lmr/m/n/10 5000| 
 []


Overfull \hbox (3.61908pt too wide) in paragraph at lines 882--883
[]|\TU/lmr/m/n/10 600| 
 []

[80]
Overfull \hbox (12.7472pt too wide) in paragraph at lines 894--894
[]|\TU/lmr/m/n/12 0.4847| 
 []


Overfull \hbox (22.05507pt too wide) in paragraph at lines 894--894
[]|$\OMS/cmsy/m/n/12 ^^@\OT1/cmr/m/n/12 0\OML/cmm/m/it/12 :\OT1/cmr/m/n/12 3300$| 
 []


Overfull \hbox (12.7472pt too wide) in paragraph at lines 894--894
[]|\TU/lmr/m/n/12 1.3157| 
 []


Overfull \hbox (12.7472pt too wide) in paragraph at lines 894--894
[]|\TU/lmr/m/n/12 1.5974| 
 []


Overfull \hbox (12.7472pt too wide) in paragraph at lines 894--894
[]|\TU/lmr/m/n/12 6.8390| 
 []


Overfull \hbox (12.7472pt too wide) in paragraph at lines 895--895
[]|\TU/lmr/m/n/12 0.5698| 
 []


Overfull \hbox (22.05507pt too wide) in paragraph at lines 895--895
[]|$\OMS/cmsy/m/n/12 ^^@\OT1/cmr/m/n/12 0\OML/cmm/m/it/12 :\OT1/cmr/m/n/12 5274$| 
 []


Overfull \hbox (12.7472pt too wide) in paragraph at lines 895--895
[]|\TU/lmr/m/n/12 0.8358| 
 []


Overfull \hbox (12.7472pt too wide) in paragraph at lines 895--895
[]|\TU/lmr/m/n/12 1.6635| 
 []


Overfull \hbox (12.7472pt too wide) in paragraph at lines 895--895
[]|\TU/lmr/m/n/12 7.3177| 
 []


Overfull \hbox (3.41365pt too wide) in paragraph at lines 895--896
[]|\TU/lmr/m/n/12 100| 
 []

<fig/tSys.pdf, id=1851, 1084.05pt x 1084.05pt>
File: fig/tSys.pdf Graphic file (type pdf)
<use fig/tSys.pdf>
Package luatex.def Info: fig/tSys.pdf  used on input line 973.
(luatex.def)             Requested size: 341.43437pt x 341.42793pt.
<fig/k.pdf, id=1859, 1084.05pt x 1084.05pt>
File: fig/k.pdf Graphic file (type pdf)
<use fig/k.pdf>
Package luatex.def Info: fig/k.pdf  used on input line 986.
(luatex.def)             Requested size: 341.43437pt x 341.42793pt.
<fig/nbHIRAX.pdf, id=1864, 1084.05pt x 1084.05pt>
File: fig/nbHIRAX.pdf Graphic file (type pdf)
<use fig/nbHIRAX.pdf>
Package luatex.def Info: fig/nbHIRAX.pdf  used on input line 991.
(luatex.def)             Requested size: 209.1301pt x 209.11447pt.
<fig/nbPUMAPetite.pdf, id=1865, 1084.05pt x 1084.05pt>
File: fig/nbPUMAPetite.pdf Graphic file (type pdf)
<use fig/nbPUMAPetite.pdf>
Package luatex.def Info: fig/nbPUMAPetite.pdf  used on input line 992.
(luatex.def)             Requested size: 209.1301pt x 209.11447pt.
<fig/Pnoise.pdf, id=1866, 1084.05pt x 1084.05pt>
File: fig/Pnoise.pdf Graphic file (type pdf)
<use fig/Pnoise.pdf>
Package luatex.def Info: fig/Pnoise.pdf  used on input line 998.
(luatex.def)             Requested size: 341.43437pt x 341.42793pt.
[81] [82]
<fig/snrSingleDishDopplerBg.pdf, id=1896, 1084.05pt x 1084.05pt>
File: fig/snrSingleDishDopplerBg.pdf Graphic file (type pdf)
<use fig/snrSingleDishDopplerBg.pdf>
Package luatex.def Info: fig/snrSingleDishDopplerBg.pdf  used on input line 101
7.
(luatex.def)             Requested size: 209.1301pt x 209.11447pt.
<fig/snrSingleDishCumDopplerBg.pdf, id=1897, 1084.05pt x 1084.05pt>
File: fig/snrSingleDishCumDopplerBg.pdf Graphic file (type pdf)
<use fig/snrSingleDishCumDopplerBg.pdf>
Package luatex.def Info: fig/snrSingleDishCumDopplerBg.pdf  used on input line 
1018.
(luatex.def)             Requested size: 209.1301pt x 209.11447pt.
 [83<./fig/tSys.pdf>] [84<./fig/k.pdf>] [85<./fig/nbHIRAX.pdf><./fig/nbPUMAPetit
e.pdf><./fig/Pnoise.pdf>]
<fig/snrInterferometerHIRAXCumDopplerBg.pdf, id=2005, 1084.05pt x 1084.05pt>
File: fig/snrInterferometerHIRAXCumDopplerBg.pdf Graphic file (type pdf)
<use fig/snrInterferometerHIRAXCumDopplerBg.pdf>
Package luatex.def Info: fig/snrInterferometerHIRAXCumDopplerBg.pdf  used on in
put line 1054.
(luatex.def)             Requested size: 209.1301pt x 209.11447pt.
<fig/snrInterferometerPUMAPetiteCumDopplerBg.pdf, id=2006, 1084.05pt x 1084.05p
t>
File: fig/snrInterferometerPUMAPetiteCumDopplerBg.pdf Graphic file (type pdf)
<use fig/snrInterferometerPUMAPetiteCumDopplerBg.pdf>
Package luatex.def Info: fig/snrInterferometerPUMAPetiteCumDopplerBg.pdf  used 
on input line 1055.
(luatex.def)             Requested size: 209.1301pt x 209.11447pt.
 [86<./fig/snrSingleDishDopplerBg.pdf><./fig/snrSingleDishCumDopplerBg.pdf>] [8
7<./fig/snrInterferometerHIRAXCumDopplerBg.pdf><./fig/snrInterferometerPUMAPetit
eCumDopplerBg.pdf>] [88] [89]) [90]
\openout2 = tex/higherorder.aux

(./tex/higherorder.tex
chapter 4.
[91




] [92] [93]
Overfull \hbox (11.49275pt too wide) detected at line 63
[]
 []


Overfull \hbox (12.0pt too wide) in paragraph at lines 63--63
[] 
 []

[94] [95]
Overfull \hbox (12.0pt too wide) in paragraph at lines 122--122
[] 
 []

[96] [97] [98] [99] [100] [101] [102] [103]
<fig/sj_monopole_bg.png, id=2333, 802.49812pt x 617.30624pt>
File: fig/sj_monopole_bg.png Graphic file (type png)
<use fig/sj_monopole_bg.png>
Package luatex.def Info: fig/sj_monopole_bg.png  used on input line 326.
(luatex.def)             Requested size: 341.43437pt x 262.64839pt.
 [104]
<fig/sj_fnleff.png, id=2351, 798.985pt x 617.30624pt>
File: fig/sj_fnleff.png Graphic file (type png)
<use fig/sj_fnleff.png>
Package luatex.def Info: fig/sj_fnleff.png  used on input line 348.
(luatex.def)             Requested size: 341.43437pt x 263.79755pt.
 [105<./fig/sj_monopole_bg.png>] [106<./fig/sj_fnleff.png>] [107] [108] [109]
<fig/vectortensor_monopole.pdf, id=2431, 578.16pt x 433.62pt>
File: fig/vectortensor_monopole.pdf Graphic file (type pdf)
<use fig/vectortensor_monopole.pdf>
Package luatex.def Info: fig/vectortensor_monopole.pdf  used on input line 441.

(luatex.def)             Requested size: 384.1096pt x 288.0824pt.
 [110<./fig/vectortensor_monopole.pdf>]) [111]
\openout2 = tex/multipoles.aux
 (./tex/multipoles.tex
chapter 5.
[112




] [113] [114] [115] [116] [117]
File: fig/fig.pdf Graphic file (type pdf)
<use fig/fig.pdf>
Package luatex.def Info: fig/fig.pdf  used on input line 144.
(luatex.def)             Requested size: 256.07741pt x 244.25407pt.
 [118] [119] [120] [121] [122] [123]
[124] [125] [126] [127] [128] [129]
<fig/overview.pdf, id=2728, 752.8125pt x 883.3pt>
File: fig/overview.pdf Graphic file (type pdf)
<use fig/overview.pdf>
Package luatex.def Info: fig/overview.pdf  used on input line 564.
(luatex.def)             Requested size: 256.07741pt x 300.4663pt.
 [130] [131<./fig/overview.pdf>] [132]
[133]
Overfull \hbox (19.87552pt too wide) in paragraph at lines 664--665
[] \OML/cmm/m/it/12 f\OT1/cmr/m/n/12 / [] 
[] = 0\OML/cmm/m/it/12 :\OT1/cmr/m/n/12 545$\TU/lmr/m/n/12 . The lin-ear mat-ter
 power spec-trum is cal-cu-lated us-ing CAMB [[]]. 
 []

[134] [135] [136]
<fig/totP_Euclid_sq2.pdf, id=2843, 660.97467pt x 516.15562pt>
File: fig/totP_Euclid_sq2.pdf Graphic file (type pdf)
<use fig/totP_Euclid_sq2.pdf>
Package luatex.def Info: fig/totP_Euclid_sq2.pdf  used on input line 697.
(luatex.def)             Requested size: 163.24774pt x 127.47916pt.
<fig/totP_IM_sq2.pdf, id=2844, 660.97467pt x 513.41876pt>
File: fig/totP_IM_sq2.pdf Graphic file (type pdf)
<use fig/totP_IM_sq2.pdf>
Package luatex.def Info: fig/totP_IM_sq2.pdf  used on input line 701.
(luatex.def)             Requested size: 163.24774pt x 126.8032pt.
<fig/totP_Euclid_flat2.pdf, id=2845, 660.97467pt x 516.15562pt>
File: fig/totP_Euclid_flat2.pdf Graphic file (type pdf)
<use fig/totP_Euclid_flat2.pdf>
Package luatex.def Info: fig/totP_Euclid_flat2.pdf  used on input line 708.
(luatex.def)             Requested size: 163.24774pt x 127.47916pt.
<fig/totP_IM_flat2.pdf, id=2846, 660.97467pt x 513.41876pt>
File: fig/totP_IM_flat2.pdf Graphic file (type pdf)
<use fig/totP_IM_flat2.pdf>
Package luatex.def Info: fig/totP_IM_flat2.pdf  used on input line 712.
(luatex.def)             Requested size: 163.24774pt x 126.8032pt.
<fig/totP_euclid_equi2.pdf, id=2847, 652.12347pt x 509.86201pt>
File: fig/totP_euclid_equi2.pdf Graphic file (type pdf)
<use fig/totP_euclid_equi2.pdf>
Package luatex.def Info: fig/totP_euclid_equi2.pdf  used on input line 718.
(luatex.def)             Requested size: 163.24774pt x 127.63634pt.
<fig/totP_IM_equi2.pdf, id=2848, 660.97467pt x 516.15562pt>
File: fig/totP_IM_equi2.pdf Graphic file (type pdf)
<use fig/totP_IM_equi2.pdf>
Package luatex.def Info: fig/totP_IM_equi2.pdf  used on input line 722.
(luatex.def)             Requested size: 163.24774pt x 127.47916pt.
 [137<./fig/totP_Euclid_sq2.pdf><./fig/totP_IM_sq2.pdf><./fig/totP_Euclid_flat2.
pdf><./fig/totP_IM_flat2.pdf><./fig/totP_euclid_equi2.pdf><./fig/totP_IM_equi2.p
df>]
<fig/triangles_all_k001_Euclid.png, id=2988, 1025.9931pt x 834.4776pt>
File: fig/triangles_all_k001_Euclid.png Graphic file (type png)
<use fig/triangles_all_k001_Euclid.png>
Package luatex.def Info: fig/triangles_all_k001_Euclid.png  used on input line 
731.
(luatex.def)             Requested size: 298.75264pt x 242.98549pt.
<fig/triangles_all_k01_Euclid.png, id=2989, 1025.9931pt x 834.4776pt>
File: fig/triangles_all_k01_Euclid.png Graphic file (type png)
<use fig/triangles_all_k01_Euclid.png>
Package luatex.def Info: fig/triangles_all_k01_Euclid.png  used on input line 7
32.
(luatex.def)             Requested size: 298.75264pt x 242.98549pt.
 [138<./fig/triangles_all_k001_Euclid.png><./fig/triangles_all_k01_Euclid.png>]
<fig/triangles_all_k001_IM.png, id=2996, 1025.9931pt x 834.4776pt>
File: fig/triangles_all_k001_IM.png Graphic file (type png)
<use fig/triangles_all_k001_IM.png>
Package luatex.def Info: fig/triangles_all_k001_IM.png  used on input line 740.

(luatex.def)             Requested size: 341.43437pt x 277.69588pt.
<fig/triangles_all_k01_IM.png, id=2997, 1025.9931pt x 834.4776pt>
File: fig/triangles_all_k01_IM.png Graphic file (type png)
<use fig/triangles_all_k01_IM.png>
Package luatex.def Info: fig/triangles_all_k01_IM.png  used on input line 741.
(luatex.def)             Requested size: 341.43437pt x 277.69588pt.
 [139<./fig/triangles_all_k001_IM.png><./fig/triangles_all_k01_IM.png>]
<fig/redB_k01.pdf, id=3007, 1041.39919pt x 761.67902pt>
File: fig/redB_k01.pdf Graphic file (type pdf)
<use fig/redB_k01.pdf>
Package luatex.def Info: fig/redB_k01.pdf  used on input line 748.
(luatex.def)             Requested size: 362.77525pt x 265.33644pt.
<fig/redB_k001.pdf, id=3008, 1041.39919pt x 761.67902pt>
File: fig/redB_k001.pdf Graphic file (type pdf)
<use fig/redB_k001.pdf>
Package luatex.def Info: fig/redB_k001.pdf  used on input line 749.
(luatex.def)             Requested size: 362.77525pt x 265.33644pt.
 [140<./fig/redB_k01.pdf><./fig/redB_k001.pdf>]
<fig/fnofz.pdf, id=3059, 1546.18831pt x 394.44337pt>
File: fig/fnofz.pdf Graphic file (type pdf)
<use fig/fnofz.pdf>
Package luatex.def Info: fig/fnofz.pdf  used on input line 756.
(luatex.def)             Requested size: 426.79135pt x 108.87852pt.
 [141





<./fig/fnofz.pdf>] [142]) [143]
\openout2 = tex/png_bisp.aux
 (./tex/png_bisp.tex
chapter 6.
[144




] [145] [146] [147] [148] [149]
<fig/Mplot.pdf, id=3276, 1011.78pt x 1011.78pt>
File: fig/Mplot.pdf Graphic file (type pdf)
<use fig/Mplot.pdf>
Package luatex.def Info: fig/Mplot.pdf  used on input line 166.
(luatex.def)             Requested size: 341.43437pt x 341.43785pt.
 [150] [151<./fig/Mplot.pdf>] [152]
Overfull \hbox (5.6442pt too wide) detected at line 254
[]
 []


Overfull \hbox (12.0pt too wide) in paragraph at lines 254--254
[] 
 []

[153] [154]
Overfull \hbox (2.24052pt too wide) in paragraph at lines 304--307
\TU/lmr/m/it/12 Relativistic cor-rec-tions to [] are needed to en-force gauge-in
dependence
 []

[155] [156] [157] [158] [159]
Overfull \hbox (19.02162pt too wide) in paragraph at lines 519--520
\OT1/cmr/m/n/12 (\OMS/cmsy/m/n/12 H[]\OT1/cmr/m/n/12 /\OML/cmm/m/it/12 k[]\OT1/
cmr/m/n/12 ) (\OML/cmm/m/it/12 []\OT1/cmr/m/n/12 )[]$ \TU/lmr/m/n/12 and dom-i-
nate the GR cor-rec-tion terms, which scale as $i\OT1/cmr/m/n/12 (\OMS/cmsy/m/n
/12 H[]\OT1/cmr/m/n/12 /\OML/cmm/m/it/12 k[]\OT1/cmr/m/n/12 ) (\OML/cmm/m/it/12
 []\OT1/cmr/m/n/12 )[]$
 []


Underfull \hbox (badness 10000) in paragraph at lines 527--528

 []

[160] [161]
Overfull \hbox (8.39479pt too wide) detected at line 613
[]
 []

[162] [163]
<fig/Q_k0_1_noShotnoise1.pdf, id=3586, 1084.05pt x 1084.05pt>
File: fig/Q_k0_1_noShotnoise1.pdf Graphic file (type pdf)
<use fig/Q_k0_1_noShotnoise1.pdf>
Package luatex.def Info: fig/Q_k0_1_noShotnoise1.pdf  used on input line 688.
(luatex.def)             Requested size: 209.1301pt x 209.11447pt.
<fig/Q_k0_1_noShotnoise2.pdf, id=3587, 1084.05pt x 1084.05pt>
File: fig/Q_k0_1_noShotnoise2.pdf Graphic file (type pdf)
<use fig/Q_k0_1_noShotnoise2.pdf>
Package luatex.def Info: fig/Q_k0_1_noShotnoise2.pdf  used on input line 689.
(luatex.def)             Requested size: 209.1301pt x 209.11447pt.
 [164] [165<./fig/Q_k0_1_noShotnoise1.pdf><./fig/Q_k0_1_noShotnoise2.pdf>]
<fig/redB_lineandlake_v3.pdf, id=3650, 1567.78375pt x 809.54445pt>
File: fig/redB_lineandlake_v3.pdf Graphic file (type pdf)
<use fig/redB_lineandlake_v3.pdf>
Package luatex.def Info: fig/redB_lineandlake_v3.pdf  used on input line 716.
(luatex.def)             Requested size: 426.79135pt x 220.37105pt.
<fig/multipoles_allpanels_v3.pdf, id=3653, 1582.713pt x 801.25348pt>
File: fig/multipoles_allpanels_v3.pdf Graphic file (type pdf)
<use fig/multipoles_allpanels_v3.pdf>
Package luatex.def Info: fig/multipoles_allpanels_v3.pdf  used on input line 72
1.
(luatex.def)             Requested size: 426.79135pt x 216.06012pt.
 [166<./fig/redB_lineandlake_v3.pdf>] [167<./fig/multipoles_allpanels_v3.pdf>] 
[168]) [169] [170]
\openout2 = tex/summary.aux
 (./tex/summary.tex
chapter 7.
[171




] [172] [173]) [174]
\openout2 = tex/appendix.aux
 (./tex/appendix.tex
chapter A.
(./tex/app_betacoeff.tex [175




] [176]) [177]
chapter B.
(./tex/app_betatables.tex [178

]
Overfull \hbox (19.14409pt too wide) in alignment at lines 24--57
 [][][][] 
 []


Overfull \hbox (19.14409pt too wide) in alignment at lines 57--90
 [][][][] 
 []


Overfull \hbox (19.14409pt too wide) in alignment at lines 90--122
 [][][][] 
 []

[179

]
Overfull \hbox (19.14409pt too wide) in alignment at lines 122--155
 [][][][] 
 []

[180]
Overfull \hbox (19.14409pt too wide) in alignment at lines 155--186
 [][][][] 
 []

[181]
Overfull \hbox (19.14409pt too wide) in alignment at lines 186--192
 [][][][] 
 []

[182] [183] [184

]) [185]
chapter C.
(./tex/app_upsiloncoeff.tex
Overfull \hbox (61.70424pt too wide) in paragraph at lines 40--99
[][] 
 []

) [186

] [187]
chapter D.
(./tex/app_kabpres.tex [188

] [189]
Overfull \hbox (1.59782pt too wide) detected at line 88
[]
 []


Overfull \hbox (12.0pt too wide) in paragraph at lines 88--88
[] 
 []

[190] [191] [192] [193] [194]) [195]
chapter E.
(./tex/app_sqlim.tex [196

])) [197] (./thesis.bbl
chapter without number
[198



] [199] [200] [201] [202] [203] [204] [205] [206] [207
Missing character: There is no  (U+03B1) in font [lmroman12-italic]:+tlig;!
] [208] [209]
[210] [211] [212] [213] [214] [215] [216]) [217] (./thesis.lof
Overfull \hbox (1.68892pt too wide) in paragraph at lines 5--5
 [][] [][]\TU/lmr/m/n/12 Snap-shot of Mil-len-nium sim-u-la-tions [[]] show-ing non-linear LSS. There 
 []

[218

] [219] [220] [221]
Overfull \hbox (4.03854pt too wide) in paragraph at lines 40--40
 [][] [][]\TU/lmr/m/n/12 The sep-a-rated vec-tor, ten-sor, and scalar con-tri-bu
-tions to the monopole 
 []

[222] [223])
\tf@lof=\write5

\openout5 = thesis.lof
 [224] (./thesis.lot)
\tf@lot=\write6

\openout6 = thesis.lot
 [225

] (./thesis.aux (./tex/abstract.aux)
(./tex/conventions.aux) (./tex/introgeneral.aux) (./tex/dipole.aux)
(./tex/detectability.aux) (./tex/higherorder.aux) (./tex/multipoles.aux)
(./tex/png_bisp.aux) (./tex/summary.aux) (./tex/appendix.aux))
Package rerunfilecheck Info: File `thesis.out' has not changed.
(rerunfilecheck)             Checksum: D41D8CD98F00B204E9800998ECF8427E;0.
)
(\end occurred inside a group at level 4)

### simple group (level 4) entered at line 339 ({)
### simple group (level 3) entered at line 289 ({)
### simple group (level 2) entered at line 209 ({)
### simple group (level 1) entered at line 568 ({)
### bottom level

Here is how much of LuaTeX's memory you used:
 24999 strings out of 478531
 125007,1373583 words of node,token memory allocated
 9938 words of node memory still in use:
   7 hlist, 2 vlist, 2 rule, 20 glue, 4 kern, 50 sub_mlist, 1 glyph, 2056 attrib
ute, 85 glue_spec, 2056 attribute_list, 1 write, 134 pdf_action nodes
   avail lists: 2:1426,3:856,4:134,5:902,6:100,7:8492,8:118,9:3941,10:26,11:674
 42228 multiletter control sequences out of 65536+600000
 134 fonts using 12206639 bytes
 125i,19n,123p,10601b,2332s stack positions out of 5000i,500n,10000p,200000b,80000s
</usr/local/texlive/2021/texmf-dist/fonts/opentype/public/lm/lmromancaps10-regul
ar.otf></usr/local/texlive/2021/texmf-dist/fonts/opentype/public/lm/lmmono12-reg
ular.otf></usr/local/texlive/2021/texmf-dist/fonts/opentype/public/lm/lmroman8-i
talic.otf></usr/local/texlive/2021/texmf-dist/fonts/opentype/public/lm/lmroman10
-bolditalic.otf></usr/local/texlive/2021/texmf-dist/fonts/opentype/public/lm/lms
ans10-bold.otf></usr/local/texlive/2021/texmf-dist/fonts/opentype/public/lm/lmro
man6-regular.otf></usr/local/texlive/2021/texmf-dist/fonts/opentype/public/lm/lm
roman10-regular.otf></usr/local/texlive/2021/texmf-dist/fonts/opentype/public/lm
/lmroman7-regular.otf></usr/local/texlive/2021/texmf-dist/fonts/opentype/public/
lm/lmromanslant12-regular.otf></usr/local/texlive/2021/texmf-dist/fonts/opentype
/public/lm/lmroman8-regular.otf></usr/local/texlive/2021/texmf-dist/fonts/openty
pe/public/lm/lmroman12-italic.otf></usr/local/texlive/2021/texmf-dist/fonts/open
type/public/lm/lmroman17-regular.otf></usr/local/texlive/2021/texmf-dist/fonts/o
pentype/public/lm/lmroman12-bold.otf></usr/local/texlive/2021/texmf-dist/fonts/o
pentype/public/lm/lmroman12-regular.otf></usr/local/texlive/2021/texmf-dist/font
s/type1/public/amsfonts/cm/cmbsy10.pfb></usr/local/texlive/2021/texmf-dist/fonts
/type1/public/amsfonts/cm/cmbx12.pfb></usr/local/texlive/2021/texmf-dist/fonts/t
ype1/public/amsfonts/cm/cmex10.pfb></usr/local/texlive/2021/texmf-dist/fonts/typ
e1/public/amsfonts/cm/cmmi10.pfb></usr/local/texlive/2021/texmf-dist/fonts/type1
/public/amsfonts/cm/cmmi12.pfb></usr/local/texlive/2021/texmf-dist/fonts/type1/p
ublic/amsfonts/cm/cmmi6.pfb></usr/local/texlive/2021/texmf-dist/fonts/type1/publ
ic/amsfonts/cm/cmmi8.pfb></usr/local/texlive/2021/texmf-dist/fonts/type1/public/
amsfonts/cm/cmmib10.pfb></usr/local/texlive/2021/texmf-dist/fonts/type1/public/a
msfonts/cmextra/cmmib8.pfb></usr/local/texlive/2021/texmf-dist/fonts/type1/publi
c/amsfonts/cm/cmr10.pfb></usr/local/texlive/2021/texmf-dist/fonts/type1/public/a
msfonts/cm/cmr12.pfb></usr/local/texlive/2021/texmf-dist/fonts/type1/public/amsf
onts/cm/cmr6.pfb></usr/local/texlive/2021/texmf-dist/fonts/type1/public/amsfonts
/cm/cmr7.pfb></usr/local/texlive/2021/texmf-dist/fonts/type1/public/amsfonts/cm/
cmr8.pfb></usr/local/texlive/2021/texmf-dist/fonts/type1/public/amsfonts/cm/cmsy
10.pfb></usr/local/texlive/2021/texmf-dist/fonts/type1/public/amsfonts/cm/cmsy6.
pfb></usr/local/texlive/2021/texmf-dist/fonts/type1/public/amsfonts/cm/cmsy8.pfb
></usr/local/texlive/2021/texmf-dist/fonts/type1/public/amsfonts/symbols/msam10.
pfb></usr/local/texlive/2021/texmf-dist/fonts/type1/public/amsfonts/symbols/msbm
10.pfb>
Output written on thesis.pdf (225 pages, 20421224 bytes).

PDF statistics: 5369 PDF objects out of 6186 (max. 8388607)
 4729 compressed objects within 48 object streams
 1143 named destinations out of 1200 (max. 131072)
 601 words of extra memory for PDF output out of 10000 (max. 100000000)

